- <Feb  2 15:51:10 2010> /usr/System/obj/body#52 Hymael:
	Name = Hymael body = /usr/System/obj/body#52 awakening


- <Feb  2 17:05:52 2010> /usr/System/obj/body#53 Hymael:
	Name = Hymael body = /usr/System/obj/body#53 awakening


- <Feb  2 17:37:28 2010> /usr/System/obj/body#53 Hymael:
	Name = Hymael body = /usr/System/obj/body#53 awakening


- <Feb  2 17:57:14 2010> /usr/System/obj/body#54 Hymael:
	Name = Hymael body = /usr/System/obj/body#54 awakening


- <Feb  2 19:28:40 2010> /usr/System/obj/body#53 Hymael:
	Name = Hymael body = /usr/System/obj/body#53 awakening


- <Feb  2 19:31:42 2010> /usr/System/obj/body#56 Hymael:
	Name = Hymael body = /usr/System/obj/body#56 awakening


- <Feb  2 19:37:58 2010> /usr/System/obj/body#56 Hymael:
	Name = Hymael body = /usr/System/obj/body#56 awakening


- <Feb  2 20:01:28 2010> /usr/System/obj/body#51 Hymael:
	Name = Hymael body = /usr/System/obj/body#51 awakening


- <Feb  2 20:18:54 2010> /usr/System/obj/body#57 Hymael:
	Name = Hymael body = /usr/System/obj/body#57 awakening


- <Feb  2 20:22:45 2010> /usr/System/obj/body#53 Hymael:
	Name = Hymael body = /usr/System/obj/body#53 awakening


- <Feb  2 20:50:02 2010> /usr/System/obj/body#54 Hymael:
	Name = Hymael body = /usr/System/obj/body#54 awakening


- <Feb  2 20:53:31 2010> /usr/System/obj/body#54 Hymael:
	Name = Hymael body = /usr/System/obj/body#54 going into stasis


- <Feb  2 20:54:27 2010> /usr/System/obj/body#55 Hymael:
	Name = Hymael body = /usr/System/obj/body#55 going into stasis


- <Feb  2 20:54:48 2010> /usr/System/obj/body#60 Hymael:
	Name = Hymael body = /usr/System/obj/body#60 going into stasis


- <Feb  2 21:02:06 2010> /usr/System/obj/body#55 Hymael:
	Name = Hymael body = /usr/System/obj/body#55 awakening


- <Feb  2 21:05:53 2010> /usr/System/obj/body#55 Hymael:
	Name = Hymael body = /usr/System/obj/body#55 awakening


- <Feb  2 21:42:53 2010> /usr/System/obj/body#54 Hymael:
	Name = Hymael body = /usr/System/obj/body#54 going into stasis


- <Feb  2 21:46:02 2010> /usr/System/obj/body#54 Hymael:
	Name = Hymael body = /usr/System/obj/body#54 going into stasis


- <Feb  2 21:47:22 2010> /usr/System/obj/body#54 Hymael:
	Name = Hymael body = /usr/System/obj/body#54 going into stasis


- <Feb  2 21:51:50 2010> /usr/System/obj/body#54 Hymael:
	Name = Hymael body = /usr/System/obj/body#54 going into stasis


- <Feb  2 21:56:00 2010> /usr/System/obj/body#55 Hymael:
	Name = Hymael body = /usr/System/obj/body#55 going into stasis


- <Feb  2 22:01:28 2010> /usr/System/obj/body#54 Hymael:
	Name = Hymael body = /usr/System/obj/body#54 going into stasis


- <Feb  2 22:01:35 2010> /usr/System/obj/body#54 Hymael:
	Name = Hymael body = /usr/System/obj/body#54 awakening


- <Feb  2 22:02:00 2010> /usr/System/obj/body#54 Hymael:
	Name = Hymael body = /usr/System/obj/body#54 going into stasis


- <Feb  2 22:02:03 2010> /usr/System/obj/body#54 Hymael:
	Name = Hymael body = /usr/System/obj/body#54 awakening


- <Feb  2 22:02:27 2010> /usr/System/obj/body#54 /usr/System/lib/body:
	Name = Hymael body = /usr/System/obj/body#54 going into stasis


- <Feb  2 22:02:44 2010> /usr/System/obj/body#54 Hymael:
	Name = Hymael body = /usr/System/obj/body#54 awakening


- <Feb  2 22:04:29 2010> /usr/System/obj/body#54 /usr/System/lib/body:
	Name = Hymael body = /usr/System/obj/body#54 going into stasis


- <Feb  2 22:04:57 2010> /usr/System/obj/body#54 Hymael:
	Name = Hymael body = /usr/System/obj/body#54 awakening


- <Feb  2 22:05:29 2010> /usr/System/obj/body#54 /usr/System/lib/body:
	Name = Hymael body = /usr/System/obj/body#54 going into stasis


- <Feb  2 22:05:48 2010> /usr/System/obj/body#54 Hymael:
	Name = Hymael body = /usr/System/obj/body#54 awakening


- <Feb  2 22:09:09 2010> /usr/System/obj/body#54 /usr/System/lib/body:
	Name = Hymael body = /usr/System/obj/body#54 going into stasis


- <Feb  2 22:09:23 2010> /usr/System/obj/body#54 Hymael:
	Name = Hymael body = /usr/System/obj/body#54 awakening


- <Feb  2 22:35:13 2010> /usr/System/obj/body#54 /usr/System/lib/body:
	Name = Hymael body = /usr/System/obj/body#54 going into stasis


- <Feb  2 22:35:18 2010> /usr/System/obj/body#54 Hymael:
	Name = Hymael body = /usr/System/obj/body#54 awakening


- <Feb  2 23:37:39 2010> /usr/System/obj/body#54 Hymael:
	Name = Hymael body = /usr/System/obj/body#54 going into stasis


- <Feb  2 23:37:42 2010> /usr/System/obj/body#54 Hymael:
	Name = Hymael body = /usr/System/obj/body#54 awakening


- <Feb  3 00:25:32 2010> /usr/System/obj/body#59 Hymael:
	Name = Hymael body = /usr/System/obj/body#59 going into stasis


- <Feb  3 00:25:35 2010> /usr/System/obj/body#59 Hymael:
	Name = Hymael body = /usr/System/obj/body#59 awakening


- <Feb  3 00:27:54 2010> /usr/System/obj/body#60 Hymael:
	Name = Hymael body = /usr/System/obj/body#60 going into stasis


- <Feb  3 00:27:56 2010> /usr/System/obj/body#60 Hymael:
	Name = Hymael body = /usr/System/obj/body#60 awakening


- <Feb  3 01:01:52 2010> /usr/System/obj/body#59 Hymael:
	Name = Hymael body = /usr/System/obj/body#59 going into stasis


- <Feb  3 01:01:56 2010> /usr/System/obj/body#59 Hymael:
	Name = Hymael body = /usr/System/obj/body#59 awakening


- <Feb  3 01:03:28 2010> /usr/System/obj/body#63 Passe:
	Name = Passe body = /usr/System/obj/body#63 going into stasis


- <Feb  3 01:28:55 2010> /usr/System/obj/body#61 Hymael:
	Name = Hymael body = /usr/System/obj/body#61 going into stasis


- <Feb  3 01:29:08 2010> /usr/System/obj/body#61 Hymael:
	Name = Hymael body = /usr/System/obj/body#61 awakening


- <Feb  3 09:46:17 2010> /usr/System/obj/body#62 Hymael:
	Name = Hymael body = /usr/System/obj/body#62 going into stasis


- <Feb  3 09:46:20 2010> /usr/System/obj/body#62 Hymael:
	Name = Hymael body = /usr/System/obj/body#62 awakening


