- <Feb  2 13:54:19 2010> /usr/System/sys/errord Hymael:
	No such resource owner: hymael
        /kernel/obj/binary#50
   89      /kernel/obj/binary       receive_message
        /kernel/obj/binary#50
  195      /kernel/lib/connection   receive_message
        ~System/obj/user#51 "hymael"
  131      ~System/obj/user         login
        ~System/obj/user#51 "hymael"
  421      /kernel/lib/auto         clone_object
        /kernel/sys/rsrcd
  226      -                        rsrc_get



- <Feb  2 13:56:10 2010> /usr/System/sys/errord Hymael:
	Cannot create temporary save file "/usr/System/data/_tmp0001"
        /kernel/obj/binary#50
   89      /kernel/obj/binary       receive_message
        /kernel/obj/binary#50
  197      /kernel/lib/connection   receive_message
        ~System/obj/user#51 "hymael"
  397      ~System/obj/user         receive_message
        ~System/obj/user#51 "hymael"
 1530      /kernel/lib/auto         save_object



- <Feb  2 14:13:21 2010> /usr/System/sys/errord Askari:
	Cannot create temporary save file "/usr/System/data/_tmp0002"
        /kernel/obj/binary#52
   89      /kernel/obj/binary       receive_message
        /kernel/obj/binary#52
  197      /kernel/lib/connection   receive_message
        ~System/obj/user#53 "askari"
  397      ~System/obj/user         receive_message
        ~System/obj/user#53 "askari"
 1530      /kernel/lib/auto         save_object



- <Feb  2 14:23:31 2010> /usr/System/sys/errord /usr/System/sys/errord:
	Failed to compile "/usr/System/obj/user.c"
        /kernel/sys/driver
  440      -                  initialize
        /kernel/sys/driver
  423      -                  _initialize
        /kernel/sys/rsrcd
  530      -                  initd
        /kernel/sys/rsrcd
  361      /kernel/lib/auto   compile_object
        ~System/initd
        ~System/initd
   46      -                  create
        ~System/initd
   16      -                  _load
        ~System/initd
  361      /kernel/lib/auto   compile_object
        ~System/sys/telnetd
        ~System/sys/telnetd
    6      -                  create
        ~System/sys/telnetd
  356      /kernel/lib/auto   compile_object



- <Feb  2 14:24:05 2010> /usr/System/sys/errord /usr/System/sys/errord:
	Failed to compile "/usr/System/obj/user.c"
        /kernel/sys/driver
  440      -                  initialize
        /kernel/sys/driver
  423      -                  _initialize
        /kernel/sys/rsrcd
  530      -                  initd
        /kernel/sys/rsrcd
  361      /kernel/lib/auto   compile_object
        ~System/initd
        ~System/initd
   46      -                  create
        ~System/initd
   16      -                  _load
        ~System/initd
  361      /kernel/lib/auto   compile_object
        ~System/sys/telnetd
        ~System/sys/telnetd
    6      -                  create
        ~System/sys/telnetd
  356      /kernel/lib/auto   compile_object



- <Feb  2 14:26:45 2010> /usr/System/sys/errord /usr/System/sys/errord:
	Failed to compile "/usr/System/obj/user.c"
        /kernel/sys/driver
  440      -                  initialize
        /kernel/sys/driver
  423      -                  _initialize
        /kernel/sys/rsrcd
  530      -                  initd
        /kernel/sys/rsrcd
  361      /kernel/lib/auto   compile_object
        ~System/initd
        ~System/initd
   46      -                  create
        ~System/initd
   16      -                  _load
        ~System/initd
  361      /kernel/lib/auto   compile_object
        ~System/sys/telnetd
        ~System/sys/telnetd
    6      -                  create
        ~System/sys/telnetd
  356      /kernel/lib/auto   compile_object



- <Feb  2 14:27:30 2010> /usr/System/sys/errord Hymael:
	Cannot create temporary save file "/usr/System/data/_tmp0001"
        /kernel/obj/binary#50
   89      /kernel/obj/binary       receive_message
        /kernel/obj/binary#50
  197      /kernel/lib/connection   receive_message
        ~System/obj/user#51 "hymael"
  402      ~System/obj/user         receive_message
        ~System/obj/user#51 "hymael"
 1530      /kernel/lib/auto         save_object



- <Feb  2 14:27:53 2010> /usr/System/sys/errord Hymael:
	Cannot create temporary save file "/usr/System/data/_tmp0002"
        /kernel/obj/binary#50
   89      /kernel/obj/binary       receive_message
        /kernel/obj/binary#50
  197      /kernel/lib/connection   receive_message
        ~System/obj/user#51 "hymael"
  402      ~System/obj/user         receive_message
        ~System/obj/user#51 "hymael"
 1530      /kernel/lib/auto         save_object



- <Feb  2 14:30:09 2010> /usr/System/sys/errord Hymael:
	Bad argument 1 for kfun call_other
        /kernel/obj/binary#53
   89      /kernel/obj/binary       receive_message
        /kernel/obj/binary#53
  197      /kernel/lib/connection   receive_message
        ~System/obj/user#51 "hymael"
  346      ~System/obj/user         receive_message
        ~System/obj/body#50 "hymael"
  651      ~System/lib/body         input



- <Feb  2 14:30:13 2010> /usr/System/sys/errord Hymael:
	Bad argument 1 for kfun call_other
        /kernel/obj/binary#53
   89      /kernel/obj/binary       receive_message
        /kernel/obj/binary#53
  197      /kernel/lib/connection   receive_message
        ~System/obj/user#51 "hymael"
  346      ~System/obj/user         receive_message
        ~System/obj/body#50 "hymael"
  651      ~System/lib/body         input



- <Feb  2 14:34:38 2010> /usr/System/sys/errord Hymael:
	Bad argument 1 for kfun call_other
        /kernel/obj/binary#53
   89      /kernel/obj/binary       receive_message
        /kernel/obj/binary#53
  197      /kernel/lib/connection   receive_message
        ~System/obj/user#51 "hymael"
  346      ~System/obj/user         receive_message
        ~System/obj/body#50 "hymael"
  651      ~System/lib/body         input



- <Feb  2 14:34:45 2010> /usr/System/sys/errord Hymael:
	Bad argument 1 for kfun call_other
        /kernel/obj/binary#53
   89      /kernel/obj/binary       receive_message
        /kernel/obj/binary#53
  197      /kernel/lib/connection   receive_message
        ~System/obj/user#51 "hymael"
  346      ~System/obj/user         receive_message
        ~System/obj/body#50 "hymael"
  651      ~System/lib/body         input



- <Feb  2 14:34:47 2010> /usr/System/sys/errord Hymael:
	Bad argument 1 for kfun call_other
        /kernel/obj/binary#53
   89      /kernel/obj/binary       receive_message
        /kernel/obj/binary#53
  197      /kernel/lib/connection   receive_message
        ~System/obj/user#51 "hymael"
  346      ~System/obj/user         receive_message
        ~System/obj/body#50 "hymael"
  651      ~System/lib/body         input



- <Feb  2 14:34:49 2010> /usr/System/sys/errord Hymael:
	Bad argument 1 for kfun call_other
        /kernel/obj/binary#53
   89      /kernel/obj/binary       receive_message
        /kernel/obj/binary#53
  197      /kernel/lib/connection   receive_message
        ~System/obj/user#51 "hymael"
  346      ~System/obj/user         receive_message
        ~System/obj/body#50 "hymael"
  651      ~System/lib/body         input



- <Feb  2 14:34:55 2010> /usr/System/sys/errord Hymael:
	Bad argument 1 for kfun call_other
        /kernel/obj/binary#53
   89      /kernel/obj/binary       receive_message
        /kernel/obj/binary#53
  197      /kernel/lib/connection   receive_message
        ~System/obj/user#51 "hymael"
  346      ~System/obj/user         receive_message
        ~System/obj/body#50 "hymael"
  651      ~System/lib/body         input



- <Feb  2 14:34:57 2010> /usr/System/sys/errord Hymael:
	Bad argument 1 for kfun call_other
        /kernel/obj/binary#53
   89      /kernel/obj/binary       receive_message
        /kernel/obj/binary#53
  197      /kernel/lib/connection   receive_message
        ~System/obj/user#51 "hymael"
  346      ~System/obj/user         receive_message
        ~System/obj/body#50 "hymael"
  651      ~System/lib/body         input



- <Feb  2 14:39:19 2010> /usr/System/sys/errord Hymael:
	Cannot create temporary save file "/usr/System/data/_tmp0001"
        /kernel/obj/binary#50
   89      /kernel/obj/binary       receive_message
        /kernel/obj/binary#50
  197      /kernel/lib/connection   receive_message
        ~System/obj/user#51 "hymael"
  402      ~System/obj/user         receive_message
        ~System/obj/user#51 "hymael"
 1530      /kernel/lib/auto         save_object



- <Feb  2 14:43:27 2010> /usr/System/sys/errord Hymael:
	Bad argument 1 for kfun query_editor
        /kernel/obj/binary#50
   89      /kernel/obj/binary       receive_message
        /kernel/obj/binary#50
  197      /kernel/lib/connection   receive_message
        ~System/obj/user#51 "hymael"
  374      ~System/obj/user         receive_message
        ~System/obj/user#51 "hymael"
  174      ~System/obj/user         input_to



- <Feb  2 15:16:06 2010> /usr/System/sys/errord /usr/System/sys/errord:
	Failed to compile "/usr/System/obj/user.c"
        /kernel/sys/driver
  440      -                  initialize
        /kernel/sys/driver
  423      -                  _initialize
        /kernel/sys/rsrcd
  530      -                  initd
        /kernel/sys/rsrcd
  361      /kernel/lib/auto   compile_object
        ~System/initd
        ~System/initd
   46      -                  create
        ~System/initd
   16      -                  _load
        ~System/initd
  361      /kernel/lib/auto   compile_object
        ~System/sys/telnetd
        ~System/sys/telnetd
    6      -                  create
        ~System/sys/telnetd
  356      /kernel/lib/auto   compile_object



- <Feb  2 15:22:15 2010> /usr/System/sys/errord /usr/System/sys/errord:
	Failed to compile "/usr/System/obj/user.c"
        /kernel/sys/driver
  440      -                  initialize
        /kernel/sys/driver
  423      -                  _initialize
        /kernel/sys/rsrcd
  530      -                  initd
        /kernel/sys/rsrcd
  361      /kernel/lib/auto   compile_object
        ~System/initd
        ~System/initd
   46      -                  create
        ~System/initd
   16      -                  _load
        ~System/initd
  361      /kernel/lib/auto   compile_object
        ~System/sys/telnetd
        ~System/sys/telnetd
    6      -                  create
        ~System/sys/telnetd
  356      /kernel/lib/auto   compile_object



- <Feb  2 15:34:58 2010> /usr/System/sys/errord /usr/System/sys/errord:
	Failed to compile "/usr/System/obj/user.c"
        /kernel/sys/driver
  440      -                  initialize
        /kernel/sys/driver
  423      -                  _initialize
        /kernel/sys/rsrcd
  530      -                  initd
        /kernel/sys/rsrcd
  361      /kernel/lib/auto   compile_object
        ~System/initd
        ~System/initd
   46      -                  create
        ~System/initd
   16      -                  _load
        ~System/initd
  361      /kernel/lib/auto   compile_object
        ~System/sys/telnetd
        ~System/sys/telnetd
    6      -                  create
        ~System/sys/telnetd
  356      /kernel/lib/auto   compile_object



- <Feb  2 15:45:49 2010> /usr/System/sys/errord Hymael:
	Insufficient arguments for function cmd_score
        /kernel/obj/binary#50
   89      /kernel/obj/binary       receive_message
        /kernel/obj/binary#50
  197      /kernel/lib/connection   receive_message
        ~System/obj/user#51 "hymael"
  227      ~System/obj/user         receive_message
        ~System/obj/user#51 "hymael"
  199      ~System/obj/user         _input_to
        ~System/obj/body#52 "hymael"
   44      ~System/lib/race_kit     input_to



- <Feb  2 15:45:53 2010> /usr/System/sys/errord Hymael:
	Insufficient arguments for function cmd_score
        /kernel/obj/binary#50
   89      /kernel/obj/binary       receive_message
        /kernel/obj/binary#50
  197      /kernel/lib/connection   receive_message
        ~System/obj/user#51 "hymael"
  227      ~System/obj/user         receive_message
        ~System/obj/user#51 "hymael"
  199      ~System/obj/user         _input_to
        ~System/obj/body#52 "hymael"
   56      ~System/lib/race_kit     input_to



- <Feb  2 15:46:00 2010> /usr/System/sys/errord Hymael:
	Insufficient arguments for function cmd_score
        /kernel/obj/binary#50
   89      /kernel/obj/binary       receive_message
        /kernel/obj/binary#50
  197      /kernel/lib/connection   receive_message
        ~System/obj/user#51 "hymael"
  227      ~System/obj/user         receive_message
        ~System/obj/user#51 "hymael"
  199      ~System/obj/user         _input_to
        ~System/obj/body#52 "hymael"
   56      ~System/lib/race_kit     input_to



- <Feb  2 15:55:02 2010> /usr/System/sys/errord Hymael:
	Bad argument 1 for kfun call_other
        /kernel/obj/binary#50
   89      /kernel/obj/binary       receive_message
        /kernel/obj/binary#50
  197      /kernel/lib/connection   receive_message
        ~System/obj/user#51 "hymael"
  317      ~System/obj/user         receive_message



- <Feb  2 16:06:15 2010> /usr/System/sys/errord Hymael:
	Cannot inherit "/usr/System/lib/weapon"
        /kernel/obj/binary#50
   89      /kernel/obj/binary       receive_message
        /kernel/obj/binary#50
  197      /kernel/lib/connection   receive_message
        ~System/obj/user#51 "hymael"
  350      ~System/obj/user         receive_message
        ~System/obj/wiztool#57
   38      ~System/obj/wiztool      input
        ~System/obj/wiztool#57
  808      /kernel/lib/auto         call_limited
        ~System/obj/wiztool#57
        ~System/obj/wiztool#57
  106      ~System/obj/wiztool      process
        ~System/obj/wiztool#57
  997      /kernel/lib/wiztool      cmd_compile
        ~System/obj/wiztool#57
  256      /kernel/lib/wiztool      compile_object
        ~System/obj/wiztool#57
  356      /kernel/lib/auto         compile_object



- <Feb  2 16:07:34 2010> /usr/System/sys/errord Hymael:
	Cannot inherit "/usr/System/lib/armor"
        /kernel/obj/binary#50
   89      /kernel/obj/binary       receive_message
        /kernel/obj/binary#50
  197      /kernel/lib/connection   receive_message
        ~System/obj/user#51 "hymael"
  350      ~System/obj/user         receive_message
        ~System/obj/wiztool#57
   38      ~System/obj/wiztool      input
        ~System/obj/wiztool#57
  808      /kernel/lib/auto         call_limited
        ~System/obj/wiztool#57
        ~System/obj/wiztool#57
  106      ~System/obj/wiztool      process
        ~System/obj/wiztool#57
  997      /kernel/lib/wiztool      cmd_compile
        ~System/obj/wiztool#57
  256      /kernel/lib/wiztool      compile_object
        ~System/obj/wiztool#57
  356      /kernel/lib/auto         compile_object



- <Feb  2 16:13:48 2010> /usr/System/sys/errord /usr/System/sys/errord:
	Bad argument 1 for kfun +
        ~System/obj/limb
        ~System/obj/limb
        ~System/obj/limb
   34      ~System/lib/limb   decay



- <Feb  2 16:36:10 2010> /usr/System/sys/errord Hymael:
	Cannot recompile inherited object
        /kernel/obj/binary#50
   89      /kernel/obj/binary       receive_message
        /kernel/obj/binary#50
  197      /kernel/lib/connection   receive_message
        ~System/obj/user#51 "hymael"
  350      ~System/obj/user         receive_message
        ~System/obj/wiztool#57
   38      ~System/obj/wiztool      input
        ~System/obj/wiztool#57
  808      /kernel/lib/auto         call_limited
        ~System/obj/wiztool#57
        ~System/obj/wiztool#57
  106      ~System/obj/wiztool      process
        ~System/obj/wiztool#57
  997      /kernel/lib/wiztool      cmd_compile
        ~System/obj/wiztool#57
  256      /kernel/lib/wiztool      compile_object
        ~System/obj/wiztool#57
  356      /kernel/lib/auto         compile_object



- <Feb  2 16:39:06 2010> /usr/System/sys/errord Hymael:
	Cannot inherit "/usr/System/lib/armor"
        /kernel/obj/binary#50
   89      /kernel/obj/binary       receive_message
        /kernel/obj/binary#50
  197      /kernel/lib/connection   receive_message
        ~System/obj/user#51 "hymael"
  350      ~System/obj/user         receive_message
        ~System/obj/wiztool#57
   38      ~System/obj/wiztool      input
        ~System/obj/wiztool#57
  808      /kernel/lib/auto         call_limited
        ~System/obj/wiztool#57
        ~System/obj/wiztool#57
  106      ~System/obj/wiztool      process
        ~System/obj/wiztool#57
  997      /kernel/lib/wiztool      cmd_compile
        ~System/obj/wiztool#57
  256      /kernel/lib/wiztool      compile_object
        ~System/obj/wiztool#57
  356      /kernel/lib/auto         compile_object



- <Feb  2 16:47:07 2010> /usr/System/sys/errord Hymael:
	Cannot inherit "/usr/System/lib/weapon"
        /kernel/obj/binary#50
   89      /kernel/obj/binary       receive_message
        /kernel/obj/binary#50
  197      /kernel/lib/connection   receive_message
        ~System/obj/user#51 "hymael"
  350      ~System/obj/user         receive_message
        ~System/obj/wiztool#57
   38      ~System/obj/wiztool      input
        ~System/obj/wiztool#57
  808      /kernel/lib/auto         call_limited
        ~System/obj/wiztool#57
        ~System/obj/wiztool#57
  106      ~System/obj/wiztool      process
        ~System/obj/wiztool#57
  997      /kernel/lib/wiztool      cmd_compile
        ~System/obj/wiztool#57
  256      /kernel/lib/wiztool      compile_object
        ~System/obj/wiztool#57
  356      /kernel/lib/auto         compile_object



- <Feb  2 16:52:50 2010> /usr/System/sys/errord Hymael:
	Failed to compile "/usr/System/lib/ansi_parser.c"
        /kernel/obj/binary#50
   89      /kernel/obj/binary       receive_message
        /kernel/obj/binary#50
  197      /kernel/lib/connection   receive_message
        ~System/obj/user#51 "hymael"
  350      ~System/obj/user         receive_message
        ~System/obj/wiztool#57
   38      ~System/obj/wiztool      input
        ~System/obj/wiztool#57
  808      /kernel/lib/auto         call_limited
        ~System/obj/wiztool#57
        ~System/obj/wiztool#57
  106      ~System/obj/wiztool      process
        ~System/obj/wiztool#57
  997      /kernel/lib/wiztool      cmd_compile
        ~System/obj/wiztool#57
  256      /kernel/lib/wiztool      compile_object
        ~System/obj/wiztool#57
  356      /kernel/lib/auto         compile_object



- <Feb  2 16:54:20 2010> /usr/System/sys/errord Hymael:
	Failed to compile "/usr/System/lib/ansi_parser.c"
        /kernel/obj/binary#50
   89      /kernel/obj/binary       receive_message
        /kernel/obj/binary#50
  197      /kernel/lib/connection   receive_message
        ~System/obj/user#51 "hymael"
  350      ~System/obj/user         receive_message
        ~System/obj/wiztool#57
   38      ~System/obj/wiztool      input
        ~System/obj/wiztool#57
  808      /kernel/lib/auto         call_limited
        ~System/obj/wiztool#57
        ~System/obj/wiztool#57
  106      ~System/obj/wiztool      process
        ~System/obj/wiztool#57
  997      /kernel/lib/wiztool      cmd_compile
        ~System/obj/wiztool#57
  256      /kernel/lib/wiztool      compile_object
        ~System/obj/wiztool#57
  356      /kernel/lib/auto         compile_object



- <Feb  2 16:54:35 2010> /usr/System/sys/errord Hymael:
	Failed to compile "/usr/System/lib/ansi_parser.c"
        /kernel/obj/binary#50
   89      /kernel/obj/binary       receive_message
        /kernel/obj/binary#50
  197      /kernel/lib/connection   receive_message
        ~System/obj/user#51 "hymael"
  350      ~System/obj/user         receive_message
        ~System/obj/wiztool#57
   38      ~System/obj/wiztool      input
        ~System/obj/wiztool#57
  808      /kernel/lib/auto         call_limited
        ~System/obj/wiztool#57
        ~System/obj/wiztool#57
  106      ~System/obj/wiztool      process
        ~System/obj/wiztool#57
  997      /kernel/lib/wiztool      cmd_compile
        ~System/obj/wiztool#57
  256      /kernel/lib/wiztool      compile_object
        ~System/obj/wiztool#57
  356      /kernel/lib/auto         compile_object



- <Feb  2 16:55:11 2010> /usr/System/sys/errord Hymael:
	Failed to compile "/usr/System/lib/ansi_parser.c"
        /kernel/obj/binary#50
   89      /kernel/obj/binary       receive_message
        /kernel/obj/binary#50
  197      /kernel/lib/connection   receive_message
        ~System/obj/user#51 "hymael"
  350      ~System/obj/user         receive_message
        ~System/obj/wiztool#57
   38      ~System/obj/wiztool      input
        ~System/obj/wiztool#57
  808      /kernel/lib/auto         call_limited
        ~System/obj/wiztool#57
        ~System/obj/wiztool#57
  106      ~System/obj/wiztool      process
        ~System/obj/wiztool#57
  997      /kernel/lib/wiztool      cmd_compile
        ~System/obj/wiztool#57
  256      /kernel/lib/wiztool      compile_object
        ~System/obj/wiztool#57
  356      /kernel/lib/auto         compile_object



- <Feb  2 16:55:47 2010> /usr/System/sys/errord Hymael:
	Failed to compile "/usr/System/lib/ansi_parser.c"
        /kernel/obj/binary#50
   89      /kernel/obj/binary       receive_message
        /kernel/obj/binary#50
  197      /kernel/lib/connection   receive_message
        ~System/obj/user#51 "hymael"
  350      ~System/obj/user         receive_message
        ~System/obj/wiztool#57
   38      ~System/obj/wiztool      input
        ~System/obj/wiztool#57
  808      /kernel/lib/auto         call_limited
        ~System/obj/wiztool#57
        ~System/obj/wiztool#57
  106      ~System/obj/wiztool      process
        ~System/obj/wiztool#57
  997      /kernel/lib/wiztool      cmd_compile
        ~System/obj/wiztool#57
  256      /kernel/lib/wiztool      compile_object
        ~System/obj/wiztool#57
  356      /kernel/lib/auto         compile_object



- <Feb  2 16:56:23 2010> /usr/System/sys/errord Hymael:
	Failed to compile "/usr/System/lib/ansi_parser.c"
        /kernel/obj/binary#50
   89      /kernel/obj/binary       receive_message
        /kernel/obj/binary#50
  197      /kernel/lib/connection   receive_message
        ~System/obj/user#51 "hymael"
  350      ~System/obj/user         receive_message
        ~System/obj/wiztool#57
   38      ~System/obj/wiztool      input
        ~System/obj/wiztool#57
  808      /kernel/lib/auto         call_limited
        ~System/obj/wiztool#57
        ~System/obj/wiztool#57
  106      ~System/obj/wiztool      process
        ~System/obj/wiztool#57
  997      /kernel/lib/wiztool      cmd_compile
        ~System/obj/wiztool#57
  256      /kernel/lib/wiztool      compile_object
        ~System/obj/wiztool#57
  356      /kernel/lib/auto         compile_object



- <Feb  2 16:56:47 2010> /usr/System/sys/errord Hymael:
	Failed to compile "/usr/System/lib/ansi_parser.c"
        /kernel/obj/binary#50
   89      /kernel/obj/binary       receive_message
        /kernel/obj/binary#50
  197      /kernel/lib/connection   receive_message
        ~System/obj/user#51 "hymael"
  350      ~System/obj/user         receive_message
        ~System/obj/wiztool#57
   38      ~System/obj/wiztool      input
        ~System/obj/wiztool#57
  808      /kernel/lib/auto         call_limited
        ~System/obj/wiztool#57
        ~System/obj/wiztool#57
  106      ~System/obj/wiztool      process
        ~System/obj/wiztool#57
  997      /kernel/lib/wiztool      cmd_compile
        ~System/obj/wiztool#57
  256      /kernel/lib/wiztool      compile_object
        ~System/obj/wiztool#57
  356      /kernel/lib/auto         compile_object



- <Feb  2 16:59:22 2010> /usr/System/sys/errord Hymael:
	Failed to compile "/usr/System/lib/ansi_parser.c"
        /kernel/obj/binary#50
   89      /kernel/obj/binary       receive_message
        /kernel/obj/binary#50
  197      /kernel/lib/connection   receive_message
        ~System/obj/user#51 "hymael"
  350      ~System/obj/user         receive_message
        ~System/obj/wiztool#57
   38      ~System/obj/wiztool      input
        ~System/obj/wiztool#57
  808      /kernel/lib/auto         call_limited
        ~System/obj/wiztool#57
        ~System/obj/wiztool#57
  106      ~System/obj/wiztool      process
        ~System/obj/wiztool#57
  997      /kernel/lib/wiztool      cmd_compile
        ~System/obj/wiztool#57
  256      /kernel/lib/wiztool      compile_object
        ~System/obj/wiztool#57
  356      /kernel/lib/auto         compile_object



- <Feb  2 17:33:06 2010> /usr/System/sys/errord /usr/System/sys/errord:
	Failed to compile "/usr/System/obj/user.c"
        /kernel/sys/driver
  440      -                  initialize
        /kernel/sys/driver
  423      -                  _initialize
        /kernel/sys/rsrcd
  530      -                  initd
        /kernel/sys/rsrcd
  361      /kernel/lib/auto   compile_object
        ~System/initd
        ~System/initd
   46      -                  create
        ~System/initd
   16      -                  _load
        ~System/initd
  361      /kernel/lib/auto   compile_object
        ~System/sys/telnetd
        ~System/sys/telnetd
    6      -                  create
        ~System/sys/telnetd
  356      /kernel/lib/auto   compile_object



- <Feb  2 17:41:40 2010> /usr/System/sys/errord Hymael:
	Bad argument 1 for kfun sscanf
        /kernel/obj/binary#51
   89      /kernel/obj/binary       receive_message
        /kernel/obj/binary#51
  197      /kernel/lib/connection   receive_message
        ~System/obj/user#52 "hymael"
  345      ~System/obj/user         receive_message
        ~System/obj/body#53 "hymael"
  638      ~System/lib/body         input
        ~System/obj/body#53 "hymael"
   48      ~System/lib/play_tool    cmd_look



- <Feb  2 17:42:18 2010> /usr/System/sys/errord Hymael:
	Bad argument 1 for kfun sscanf
        /kernel/obj/binary#51
   89      /kernel/obj/binary       receive_message
        /kernel/obj/binary#51
  197      /kernel/lib/connection   receive_message
        ~System/obj/user#52 "hymael"
  345      ~System/obj/user         receive_message
        ~System/obj/body#53 "hymael"
  638      ~System/lib/body         input
        ~System/obj/body#53 "hymael"
   48      ~System/lib/play_tool    cmd_look



- <Feb  2 19:29:20 2010> /usr/System/sys/errord Hymael:
	Value is not a string
        /kernel/obj/binary#51
   89      /kernel/obj/binary       receive_message
        /kernel/obj/binary#51
  197      /kernel/lib/connection   receive_message
        ~System/obj/user#52 "hymael"
  355      ~System/obj/user         receive_message
        ~System/obj/wiztool#58
   39      ~System/obj/wiztool      input
        ~System/obj/wiztool#58
  808      /kernel/lib/auto         call_limited
        ~System/obj/wiztool#58
        ~System/obj/wiztool#58
  108      ~System/obj/wiztool      process
        ~System/obj/wiztool#58
  199      ~System/obj/wiztool      cmd_clone



- <Feb  2 19:29:32 2010> /usr/System/sys/errord Hymael:
	Value is not a string
        /kernel/obj/binary#51
   89      /kernel/obj/binary       receive_message
        /kernel/obj/binary#51
  197      /kernel/lib/connection   receive_message
        ~System/obj/user#52 "hymael"
  355      ~System/obj/user         receive_message
        ~System/obj/wiztool#58
   39      ~System/obj/wiztool      input
        ~System/obj/wiztool#58
  808      /kernel/lib/auto         call_limited
        ~System/obj/wiztool#58
        ~System/obj/wiztool#58
  108      ~System/obj/wiztool      process
        ~System/obj/wiztool#58
  199      ~System/obj/wiztool      cmd_clone



- <Feb  2 20:02:41 2010> /usr/System/sys/errord Hymael:
	Bad argument 1 for kfun call_other
        /kernel/obj/binary#52
   89      /kernel/obj/binary       receive_message
        /kernel/obj/binary#52
  197      /kernel/lib/connection   receive_message
        ~System/obj/user#53 "hymael"
  322      ~System/obj/user         receive_message



- <Feb  2 20:02:51 2010> /usr/System/sys/errord Hymael:
	Bad argument 1 for kfun call_other
        /kernel/obj/binary#52
   89      /kernel/obj/binary       receive_message
        /kernel/obj/binary#52
  197      /kernel/lib/connection   receive_message
        ~System/obj/user#53 "hymael"
  322      ~System/obj/user         receive_message



- <Feb  2 20:50:37 2010> /usr/System/sys/errord Hymael:
	Cannot create temporary save file "/usr/System/data/_tmp0002"
        /kernel/obj/binary#52
   89      /kernel/obj/binary       receive_message
        /kernel/obj/binary#52
  197      /kernel/lib/connection   receive_message
        ~System/obj/user#53 "hymael"
  355      ~System/obj/user         receive_message
        ~System/obj/wiztool#59
   39      ~System/obj/wiztool      input
        ~System/obj/wiztool#59
  808      /kernel/lib/auto         call_limited
        ~System/obj/wiztool#59
        ~System/obj/wiztool#59
  108      ~System/obj/wiztool      process
        ~System/obj/wiztool#59
 2092      /kernel/lib/wiztool      cmd_reboot
        ~System/obj/wiztool#59
  725      /kernel/lib/auto         dump_state
        /kernel/sys/driver
  451      -                        prepare_reboot
        ~System/initd
   71      -                        prepare_reboot
        ~System/obj/user#53 "hymael"
  152      ~System/obj/user         logout
        ~System/obj/user#53 "hymael"
 1530      /kernel/lib/auto         save_object



- <Feb  2 20:53:31 2010> /usr/System/sys/errord /usr/System/sys/errord:
	Permission denied
        /kernel/obj/binary#52
   89      /kernel/obj/binary       receive_message
        /kernel/obj/binary#52
  197      /kernel/lib/connection   receive_message
        ~System/obj/user#53
  355      ~System/obj/user         receive_message
        ~System/obj/wiztool#59
   39      ~System/obj/wiztool      input
        ~System/obj/wiztool#59
  808      /kernel/lib/auto         call_limited
        ~System/obj/wiztool#59
        ~System/obj/wiztool#59
  108      ~System/obj/wiztool      process
        ~System/obj/wiztool#59
 2093      /kernel/lib/wiztool      cmd_reboot
        ~System/obj/wiztool#59
  737      /kernel/lib/auto         shutdown



- <Feb  2 21:02:24 2010> /usr/System/sys/errord Hymael:
	Access denied
        /kernel/obj/binary#52
   89      /kernel/obj/binary       receive_message
        /kernel/obj/binary#52
  197      /kernel/lib/connection   receive_message
        ~System/obj/user#54 "hymael"
  355      ~System/obj/user         receive_message
        ~System/obj/wiztool#59
   39      ~System/obj/wiztool      input
        ~System/obj/wiztool#59
  808      /kernel/lib/auto         call_limited
        ~System/obj/wiztool#59
        ~System/obj/wiztool#59
  108      ~System/obj/wiztool      process
        ~System/obj/wiztool#59
 2092      /kernel/lib/wiztool      cmd_reboot
        ~System/obj/wiztool#59
  725      /kernel/lib/auto         dump_state
        /kernel/sys/driver
  451      -                        prepare_reboot
        ~System/initd
   71      -                        prepare_reboot
        ~System/obj/user#54 "hymael"
  152      ~System/obj/user         logout
        ~System/obj/user#54 "hymael"
 1511      /kernel/lib/auto         save_object



- <Feb  2 21:44:19 2010> /usr/System/sys/errord /usr/System/sys/errord:
	Failed to compile "/usr/System/obj/user.c"
        /kernel/sys/driver
  440      -                  initialize
        /kernel/sys/driver
  423      -                  _initialize
        /kernel/sys/rsrcd
  530      -                  initd
        /kernel/sys/rsrcd
  361      /kernel/lib/auto   compile_object
        ~System/initd
        ~System/initd
   46      -                  create
        ~System/initd
   16      -                  _load
        ~System/initd
  361      /kernel/lib/auto   compile_object
        ~System/sys/telnetd
        ~System/sys/telnetd
    6      -                  create
        ~System/sys/telnetd
  356      /kernel/lib/auto   compile_object



- <Feb  2 21:45:15 2010> /usr/System/sys/errord /usr/System/sys/errord:
	Failed to compile "/usr/System/obj/user.c"
        /kernel/sys/driver
  440      -                  initialize
        /kernel/sys/driver
  423      -                  _initialize
        /kernel/sys/rsrcd
  530      -                  initd
        /kernel/sys/rsrcd
  361      /kernel/lib/auto   compile_object
        ~System/initd
        ~System/initd
   46      -                  create
        ~System/initd
   16      -                  _load
        ~System/initd
  361      /kernel/lib/auto   compile_object
        ~System/sys/telnetd
        ~System/sys/telnetd
    6      -                  create
        ~System/sys/telnetd
  356      /kernel/lib/auto   compile_object



- <Feb  2 21:50:40 2010> /usr/System/sys/errord /usr/System/sys/errord:
	Failed to compile "/usr/System/lib/body.c"
        /kernel/sys/driver
  440      -                  initialize
        /kernel/sys/driver
  423      -                  _initialize
        /kernel/sys/rsrcd
  530      -                  initd
        /kernel/sys/rsrcd
  361      /kernel/lib/auto   compile_object
        ~System/initd
        ~System/initd
   46      -                  create
        ~System/initd
   16      -                  _load
        ~System/initd
  361      /kernel/lib/auto   compile_object
        ~System/sys/telnetd
        ~System/sys/telnetd
    6      -                  create
        ~System/sys/telnetd
  361      /kernel/lib/auto   compile_object
        ~System/obj/user
        ~System/obj/user
   40      -                  create
        ~System/obj/user
  356      /kernel/lib/auto   compile_object



- <Feb  2 21:51:02 2010> /usr/System/sys/errord /usr/System/sys/errord:
	Failed to compile "/usr/System/lib/body.c"
        /kernel/sys/driver
  440      -                  initialize
        /kernel/sys/driver
  423      -                  _initialize
        /kernel/sys/rsrcd
  530      -                  initd
        /kernel/sys/rsrcd
  361      /kernel/lib/auto   compile_object
        ~System/initd
        ~System/initd
   46      -                  create
        ~System/initd
   16      -                  _load
        ~System/initd
  361      /kernel/lib/auto   compile_object
        ~System/sys/telnetd
        ~System/sys/telnetd
    6      -                  create
        ~System/sys/telnetd
  361      /kernel/lib/auto   compile_object
        ~System/obj/user
        ~System/obj/user
   40      -                  create
        ~System/obj/user
  356      /kernel/lib/auto   compile_object



- <Feb  2 21:53:46 2010> /usr/System/sys/errord Hymael:
	Bad argument 1 for kfun object_name
        /kernel/obj/binary#52
   89      /kernel/obj/binary       receive_message
        /kernel/obj/binary#52
  197      /kernel/lib/connection   receive_message
        ~System/obj/user#53 "hymael"
  394      ~System/obj/user         receive_message



- <Feb  2 21:54:20 2010> /usr/System/sys/errord /usr/System/sys/errord:
	Failed to compile "/usr/System/obj/user.c"
        /kernel/sys/driver
  440      -                  initialize
        /kernel/sys/driver
  423      -                  _initialize
        /kernel/sys/rsrcd
  530      -                  initd
        /kernel/sys/rsrcd
  361      /kernel/lib/auto   compile_object
        ~System/initd
        ~System/initd
   46      -                  create
        ~System/initd
   16      -                  _load
        ~System/initd
  361      /kernel/lib/auto   compile_object
        ~System/sys/telnetd
        ~System/sys/telnetd
    6      -                  create
        ~System/sys/telnetd
  356      /kernel/lib/auto   compile_object



- <Feb  2 21:54:48 2010> /usr/System/sys/errord Hymael:
	Bad argument 1 for kfun object_name
        /kernel/obj/binary#52
   89      /kernel/obj/binary       receive_message
        /kernel/obj/binary#52
  197      /kernel/lib/connection   receive_message
        ~System/obj/user#53 "hymael"
  394      ~System/obj/user         receive_message



- <Feb  2 22:35:31 2010> /usr/System/sys/errord Hymael:
	Cannot inherit "/usr/System/lib/weapon"
        /kernel/obj/binary#55
   89      /kernel/obj/binary       receive_message
        /kernel/obj/binary#55
  197      /kernel/lib/connection   receive_message
        ~System/obj/user#59 "hymael"
  376      ~System/obj/user         receive_message
        ~System/obj/wiztool#56
   39      ~System/obj/wiztool      input
        ~System/obj/wiztool#56
  808      /kernel/lib/auto         call_limited
        ~System/obj/wiztool#56
        ~System/obj/wiztool#56
  108      ~System/obj/wiztool      process
        ~System/obj/wiztool#56
  997      /kernel/lib/wiztool      cmd_compile
        ~System/obj/wiztool#56
  256      /kernel/lib/wiztool      compile_object
        ~System/obj/wiztool#56
  356      /kernel/lib/auto         compile_object



- <Feb  2 23:11:12 2010> /usr/System/sys/errord Hymael:
	Failed to compile "/usr/System/sys/attic/objectdprop.c"
        /kernel/obj/binary#55
   89      /kernel/obj/binary       receive_message
        /kernel/obj/binary#55
  197      /kernel/lib/connection   receive_message
        ~System/obj/user#59 "hymael"
  376      ~System/obj/user         receive_message
        ~System/obj/wiztool#56
   39      ~System/obj/wiztool      input
        ~System/obj/wiztool#56
  808      /kernel/lib/auto         call_limited
        ~System/obj/wiztool#56
        ~System/obj/wiztool#56
  108      ~System/obj/wiztool      process
        ~System/obj/wiztool#56
  997      /kernel/lib/wiztool      cmd_compile
        ~System/obj/wiztool#56
  256      /kernel/lib/wiztool      compile_object
        ~System/obj/wiztool#56
  356      /kernel/lib/auto         compile_object



- <Feb  2 23:11:39 2010> /usr/System/sys/errord Hymael:
	Failed to compile "/usr/System/sys/attic/objectdprop.c"
        /kernel/obj/binary#55
   89      /kernel/obj/binary       receive_message
        /kernel/obj/binary#55
  197      /kernel/lib/connection   receive_message
        ~System/obj/user#59 "hymael"
  376      ~System/obj/user         receive_message
        ~System/obj/wiztool#56
   39      ~System/obj/wiztool      input
        ~System/obj/wiztool#56
  808      /kernel/lib/auto         call_limited
        ~System/obj/wiztool#56
        ~System/obj/wiztool#56
  108      ~System/obj/wiztool      process
        ~System/obj/wiztool#56
  997      /kernel/lib/wiztool      cmd_compile
        ~System/obj/wiztool#56
  256      /kernel/lib/wiztool      compile_object
        ~System/obj/wiztool#56
  356      /kernel/lib/auto         compile_object



- <Feb  2 23:12:29 2010> /usr/System/sys/errord Hymael:
	Failed to compile "/usr/System/sys/attic/objectdprop.c"
        /kernel/obj/binary#55
   89      /kernel/obj/binary       receive_message
        /kernel/obj/binary#55
  197      /kernel/lib/connection   receive_message
        ~System/obj/user#59 "hymael"
  376      ~System/obj/user         receive_message
        ~System/obj/wiztool#56
   39      ~System/obj/wiztool      input
        ~System/obj/wiztool#56
  808      /kernel/lib/auto         call_limited
        ~System/obj/wiztool#56
        ~System/obj/wiztool#56
  108      ~System/obj/wiztool      process
        ~System/obj/wiztool#56
  997      /kernel/lib/wiztool      cmd_compile
        ~System/obj/wiztool#56
  256      /kernel/lib/wiztool      compile_object
        ~System/obj/wiztool#56
  356      /kernel/lib/auto         compile_object



- <Feb  2 23:14:08 2010> /usr/System/sys/errord Hymael:
	Failed to compile "/usr/System/sys/attic/objectdprop.c"
        /kernel/obj/binary#55
   89      /kernel/obj/binary       receive_message
        /kernel/obj/binary#55
  197      /kernel/lib/connection   receive_message
        ~System/obj/user#59 "hymael"
  376      ~System/obj/user         receive_message
        ~System/obj/wiztool#56
   39      ~System/obj/wiztool      input
        ~System/obj/wiztool#56
  808      /kernel/lib/auto         call_limited
        ~System/obj/wiztool#56
        ~System/obj/wiztool#56
  108      ~System/obj/wiztool      process
        ~System/obj/wiztool#56
  997      /kernel/lib/wiztool      cmd_compile
        ~System/obj/wiztool#56
  256      /kernel/lib/wiztool      compile_object
        ~System/obj/wiztool#56
  356      /kernel/lib/auto         compile_object



- <Feb  2 23:14:51 2010> /usr/System/sys/errord Hymael:
	Failed to compile "/usr/System/sys/attic/objectdprop.c"
        /kernel/obj/binary#55
   89      /kernel/obj/binary       receive_message
        /kernel/obj/binary#55
  197      /kernel/lib/connection   receive_message
        ~System/obj/user#59 "hymael"
  376      ~System/obj/user         receive_message
        ~System/obj/wiztool#56
   39      ~System/obj/wiztool      input
        ~System/obj/wiztool#56
  808      /kernel/lib/auto         call_limited
        ~System/obj/wiztool#56
        ~System/obj/wiztool#56
  108      ~System/obj/wiztool      process
        ~System/obj/wiztool#56
  997      /kernel/lib/wiztool      cmd_compile
        ~System/obj/wiztool#56
  256      /kernel/lib/wiztool      compile_object
        ~System/obj/wiztool#56
  356      /kernel/lib/auto         compile_object



- <Feb  2 23:18:26 2010> /usr/System/sys/errord /usr/System/sys/errord:
	Failed to compile "/usr/System/sys/telnetd.c"
        /kernel/sys/driver
  440      -                  initialize
        /kernel/sys/driver
  423      -                  _initialize
        /kernel/sys/rsrcd
  530      -                  initd
        /kernel/sys/rsrcd
  361      /kernel/lib/auto   compile_object
        ~System/initd
        ~System/initd
   47      -                  create
        ~System/initd
   16      -                  _load
        ~System/initd
  356      /kernel/lib/auto   compile_object



- <Feb  2 23:22:49 2010> /usr/System/sys/errord /usr/System/sys/errord:
	Failed to compile "/usr/System/sys/objectd.c"
        /kernel/sys/driver
  440      -                  initialize
        /kernel/sys/driver
  423      -                  _initialize
        /kernel/sys/rsrcd
  530      -                  initd
        /kernel/sys/rsrcd
  361      /kernel/lib/auto   compile_object
        ~System/initd
        ~System/initd
   46      -                  create
        ~System/initd
   16      -                  _load
        ~System/initd
  356      /kernel/lib/auto   compile_object



- <Feb  2 23:23:15 2010> /usr/System/sys/errord /usr/System/sys/errord:
	Array index out of range
        /kernel/sys/driver
  440      -                  initialize
        /kernel/sys/driver
  423      -                  _initialize
        /kernel/sys/rsrcd
  530      -                  initd
        /kernel/sys/rsrcd
  361      /kernel/lib/auto   compile_object
        ~System/initd
        ~System/initd
   49      -                  create
        ~System/initd
   16      -                  _load
        ~System/initd
  361      /kernel/lib/auto   compile_object
        ~System/sys/roomd
        ~System/sys/roomd
   41      -                  create
        ~System/sys/roomd
  449      /kernel/lib/auto   clone_object
        ~System/obj/room#47
        /kernel/sys/driver
  260      -                  clone
        ~System/sys/objectd
  487      -                  clone



- <Feb  2 23:28:16 2010> /usr/System/sys/errord /usr/System/sys/errord:
	Array index out of range
        /kernel/sys/driver
  440      -                  initialize
        /kernel/sys/driver
  423      -                  _initialize
        /kernel/sys/rsrcd
  530      -                  initd
        /kernel/sys/rsrcd
  361      /kernel/lib/auto   compile_object
        ~System/initd
        ~System/initd
   49      -                  create
        ~System/initd
   16      -                  _load
        ~System/initd
  361      /kernel/lib/auto   compile_object
        ~System/sys/roomd
        ~System/sys/roomd
   41      -                  create
        ~System/sys/roomd
  449      /kernel/lib/auto   clone_object
        ~System/obj/room#47
        /kernel/sys/driver
  260      -                  clone
        ~System/sys/objectd
  487      -                  clone



- <Feb  2 23:31:06 2010> /usr/System/sys/errord /usr/System/sys/errord:
	Array index out of range
        /kernel/sys/driver
  440      -                  initialize
        /kernel/sys/driver
  423      -                  _initialize
        /kernel/sys/rsrcd
  530      -                  initd
        /kernel/sys/rsrcd
  361      /kernel/lib/auto   compile_object
        ~System/initd
        ~System/initd
   49      -                  create
        ~System/initd
   16      -                  _load
        ~System/initd
  361      /kernel/lib/auto   compile_object
        ~System/sys/roomd
        ~System/sys/roomd
   41      -                  create
        ~System/sys/roomd
  449      /kernel/lib/auto   clone_object
        ~System/obj/room#47
        /kernel/sys/driver
  260      -                  clone
        ~System/sys/objectd
  487      -                  clone



- <Feb  2 23:39:55 2010> /usr/System/sys/errord Hymael:
	Cannot recompile inherited object
        /kernel/obj/binary#52
   89      /kernel/obj/binary       receive_message
        /kernel/obj/binary#52
  197      /kernel/lib/connection   receive_message
        ~System/obj/user#59 "hymael"
  376      ~System/obj/user         receive_message
        ~System/obj/wiztool#60
   39      ~System/obj/wiztool      input
        ~System/obj/wiztool#60
  808      /kernel/lib/auto         call_limited
        ~System/obj/wiztool#60
        ~System/obj/wiztool#60
  108      ~System/obj/wiztool      process
        ~System/obj/wiztool#60
  997      /kernel/lib/wiztool      cmd_compile
        ~System/obj/wiztool#60
  256      /kernel/lib/wiztool      compile_object
        ~System/obj/wiztool#60
  356      /kernel/lib/auto         compile_object



- <Feb  2 23:41:33 2010> /usr/System/sys/errord Hymael:
	Array index out of range
        /kernel/obj/binary#52
   89      /kernel/obj/binary       receive_message
        /kernel/obj/binary#52
  197      /kernel/lib/connection   receive_message
        ~System/obj/user#59 "hymael"
  376      ~System/obj/user         receive_message
        ~System/obj/wiztool#60
   39      ~System/obj/wiztool      input
        ~System/obj/wiztool#60
  808      /kernel/lib/auto         call_limited
        ~System/obj/wiztool#60
        ~System/obj/wiztool#60
  108      ~System/obj/wiztool      process
        ~System/obj/wiztool#60
  925      /kernel/lib/wiztool      cmd_code
        ~System/obj/wiztool#60
  310      /kernel/lib/wiztool      destruct_object
        ~System/obj/wiztool#60
  269      /kernel/lib/auto         destruct_object
        /kernel/sys/driver
  271      -                        destruct
        ~System/sys/objectd
  504      -                        destruct



- <Feb  2 23:41:47 2010> /usr/System/sys/errord Hymael:
	Array index out of range
        /kernel/obj/binary#52
   89      /kernel/obj/binary       receive_message
        /kernel/obj/binary#52
  197      /kernel/lib/connection   receive_message
        ~System/obj/user#59 "hymael"
  376      ~System/obj/user         receive_message
        ~System/obj/wiztool#60
   39      ~System/obj/wiztool      input
        ~System/obj/wiztool#60
  808      /kernel/lib/auto         call_limited
        ~System/obj/wiztool#60
        ~System/obj/wiztool#60
  108      ~System/obj/wiztool      process
        ~System/obj/wiztool#60
  898      /kernel/lib/wiztool      cmd_code
        ~System/obj/wiztool#60
  310      /kernel/lib/wiztool      destruct_object
        ~System/obj/wiztool#60
  269      /kernel/lib/auto         destruct_object
        /kernel/sys/driver
  271      -                        destruct
        ~System/sys/objectd
  504      -                        destruct



- <Feb  3 00:20:28 2010> /usr/System/sys/errord /usr/System/sys/errord:
	Failed to compile "/usr/System/sys/objectd.c"
        /kernel/sys/driver
  440      -                  initialize
        /kernel/sys/driver
  423      -                  _initialize
        /kernel/sys/rsrcd
  530      -                  initd
        /kernel/sys/rsrcd
  361      /kernel/lib/auto   compile_object
        ~System/initd
        ~System/initd
   46      -                  create
        ~System/initd
   16      -                  _load
        ~System/initd
  356      /kernel/lib/auto   compile_object



- <Feb  3 00:20:53 2010> /usr/System/sys/errord /usr/System/sys/errord:
	Failed to compile "/usr/System/sys/objectd.c"
        /kernel/sys/driver
  440      -                  initialize
        /kernel/sys/driver
  423      -                  _initialize
        /kernel/sys/rsrcd
  530      -                  initd
        /kernel/sys/rsrcd
  361      /kernel/lib/auto   compile_object
        ~System/initd
        ~System/initd
   46      -                  create
        ~System/initd
   16      -                  _load
        ~System/initd
  356      /kernel/lib/auto   compile_object



- <Feb  3 00:21:49 2010> /usr/System/sys/errord /usr/System/sys/errord:
	Failed to compile "/usr/System/sys/objectd.c"
        /kernel/sys/driver
  440      -                  initialize
        /kernel/sys/driver
  423      -                  _initialize
        /kernel/sys/rsrcd
  530      -                  initd
        /kernel/sys/rsrcd
  361      /kernel/lib/auto   compile_object
        ~System/initd
        ~System/initd
   46      -                  create
        ~System/initd
   16      -                  _load
        ~System/initd
  356      /kernel/lib/auto   compile_object



- <Feb  3 00:23:11 2010> /usr/System/sys/errord /usr/System/sys/errord:
	Could not compile "/usr/System/obj/heavey_array.c"
        /kernel/sys/driver
  440      -                  initialize
        /kernel/sys/driver
  423      -                  _initialize
        /kernel/sys/rsrcd
  530      -                  initd
        /kernel/sys/rsrcd
  361      /kernel/lib/auto   compile_object
        ~System/initd
        ~System/initd
   46      -                  create
        ~System/initd
   16      -                  _load
        ~System/initd
  361      /kernel/lib/auto   compile_object
        ~System/sys/objectd
        ~System/sys/objectd
  108      -                  create
        ~System/sys/objectd
  356      /kernel/lib/auto   compile_object



- <Feb  3 00:31:25 2010> /usr/System/sys/errord Hymael:
	Cannot recompile inherited object
        /kernel/obj/binary#59
   89      /kernel/obj/binary       receive_message
        /kernel/obj/binary#59
  197      /kernel/lib/connection   receive_message
        ~System/obj/user#57 "hymael"
  376      ~System/obj/user         receive_message
        ~System/obj/wiztool#64
   39      ~System/obj/wiztool      input
        ~System/obj/wiztool#64
  808      /kernel/lib/auto         call_limited
        ~System/obj/wiztool#64
        ~System/obj/wiztool#64
  108      ~System/obj/wiztool      process
        ~System/obj/wiztool#64
  997      /kernel/lib/wiztool      cmd_compile
        ~System/obj/wiztool#64
  256      /kernel/lib/wiztool      compile_object
        ~System/obj/wiztool#64
  356      /kernel/lib/auto         compile_object



- <Feb  3 00:36:13 2010> /usr/System/sys/errord /usr/System/sys/errord:
	Failed to compile "/usr/System/sys/telnetd.c"
        /kernel/sys/driver
  440      -                  initialize
        /kernel/sys/driver
  423      -                  _initialize
        /kernel/sys/rsrcd
  530      -                  initd
        /kernel/sys/rsrcd
  361      /kernel/lib/auto   compile_object
        ~System/initd
        ~System/initd
   47      -                  create
        ~System/initd
   16      -                  _load
        ~System/initd
  356      /kernel/lib/auto   compile_object



- <Feb  3 00:38:41 2010> /usr/System/sys/errord /usr/System/sys/errord:
	Bad argument 3 (array) for function compile
        /kernel/sys/driver
  440      -                  initialize
        /kernel/sys/driver
  423      -                  _initialize
        /kernel/sys/rsrcd
  530      -                  initd
        /kernel/sys/rsrcd
  361      /kernel/lib/auto   compile_object
        ~System/initd
        ~System/initd
   47      -                  create
        ~System/initd
   16      -                  _load
        ~System/initd
  356      /kernel/lib/auto   compile_object



- <Feb  3 00:40:24 2010> /usr/System/sys/errord /usr/System/sys/errord:
	Bad argument 1 for kfun call_other
        /kernel/obj/binary#57
   89      /kernel/obj/binary       receive_message
        /kernel/obj/binary#57
  194      /kernel/lib/connection   receive_message
        /kernel/sys/userd
  123      -                        binary_user
        /kernel/sys/userd
  449      /kernel/lib/auto         clone_object
        /kernel/obj/user#58
        /kernel/sys/driver
  260      -                        clone
        ~System/sys/objectd
  774      -                        clone



- <Feb  3 01:02:13 2010> /usr/System/sys/errord /usr/System/sys/errord:
	Bad argument 2 for kfun function_object
        /kernel/obj/binary#60
   89      /kernel/obj/binary       receive_message
        /kernel/obj/binary#60
  194      /kernel/lib/connection   receive_message
        /kernel/sys/userd
  123      -                        binary_user
        /kernel/sys/userd
  449      /kernel/lib/auto         clone_object
        /kernel/obj/user#61
        /kernel/sys/driver
  260      -                        clone
        ~System/sys/objectd
  774      -                        clone



- <Feb  3 01:03:30 2010> /usr/System/sys/errord /usr/System/sys/errord:
	Bad argument 2 for kfun function_object
        /kernel/obj/binary#62
   89      /kernel/obj/binary       receive_message
        /kernel/obj/binary#62
  194      /kernel/lib/connection   receive_message
        /kernel/sys/userd
  123      -                        binary_user
        /kernel/sys/userd
  449      /kernel/lib/auto         clone_object
        /kernel/obj/user#60
        /kernel/sys/driver
  260      -                        clone
        ~System/sys/objectd
  774      -                        clone



- <Feb  3 01:15:02 2010> /usr/System/sys/errord /usr/System/sys/errord:
	Bad argument 2 for kfun function_object
        /kernel/obj/binary#57
   89      /kernel/obj/binary       receive_message
        /kernel/obj/binary#57
  194      /kernel/lib/connection   receive_message
        /kernel/sys/userd
  123      -                        binary_user
        /kernel/sys/userd
  449      /kernel/lib/auto         clone_object
        /kernel/obj/user#58
        /kernel/sys/driver
  260      -                        clone
        ~System/sys/objectd
  774      -                        clone



- <Feb  3 01:17:37 2010> /usr/System/sys/errord /usr/System/sys/errord:
	Failed to compile "/usr/System/sys/objectd.c"
        /kernel/sys/driver
  440      -                  initialize
        /kernel/sys/driver
  423      -                  _initialize
        /kernel/sys/rsrcd
  530      -                  initd
        /kernel/sys/rsrcd
  361      /kernel/lib/auto   compile_object
        ~System/initd
        ~System/initd
   46      -                  create
        ~System/initd
   16      -                  _load
        ~System/initd
  356      /kernel/lib/auto   compile_object



- <Feb  3 01:17:56 2010> /usr/System/sys/errord /usr/System/sys/errord:
	Bad argument 1 for kfun call_other
        /kernel/obj/binary#57
   89      /kernel/obj/binary       receive_message
        /kernel/obj/binary#57
  194      /kernel/lib/connection   receive_message
        /kernel/sys/userd
  123      -                        binary_user
        /kernel/sys/userd
  449      /kernel/lib/auto         clone_object
        /kernel/obj/user#58
        /kernel/sys/driver
  260      -                        clone
        ~System/sys/objectd
  780      -                        clone



- <Feb  3 09:43:57 2010> /usr/System/sys/errord /usr/System/sys/errord:
	No lvalue for %s
        /kernel/obj/binary#57
   89      /kernel/obj/binary       receive_message
        /kernel/obj/binary#57
  194      /kernel/lib/connection   receive_message
        /kernel/sys/userd
  123      -                        binary_user
        /kernel/sys/userd
  449      /kernel/lib/auto         clone_object
        /kernel/obj/user#58
        /kernel/sys/driver
  260      -                        clone
        ~System/sys/objectd
  771      -                        clone



