Tue Feb  2 22:35:13 PST 2010
Feb  2 22:35:13 ** DGD 1.3.9
Feb  2 22:35:13 ** - <Feb  2 22:35:13 2010> /usr/System/obj/user#59 /usr/System/obj/user:
	Saving hymael

Feb  2 22:35:13 ** - <Feb  2 22:35:13 2010> /usr/System/obj/body#54 /usr/System/lib/body:
	Name = Hymael body = /usr/System/obj/body#54 going into stasis


Feb  2 22:35:13 ** - <Feb  2 22:35:13 2010> /usr/System/initd /usr/System/initd:
	Rebooted

Feb  2 22:35:13 ** State restored.

Feb  2 22:35:18 ** - <Feb  2 22:35:18 2010> /usr/System/obj/user#59 Hymael:
	Hymael logging in.

Feb  2 22:35:18 ** - <Feb  2 22:35:18 2010> /usr/System/obj/user#59 Hymael:
	Restoring hymael

Feb  2 22:35:18 ** - <Feb  2 22:35:18 2010> /usr/System/obj/user#59 Hymael:
	Going into awaken with /usr/System/obj/body#54

Feb  2 22:35:18 ** - <Feb  2 22:35:18 2010> /usr/System/obj/body#54 Hymael:
	awaken called by /usr/System/obj/user

Feb  2 22:35:18 ** - <Feb  2 22:35:18 2010> /usr/System/obj/body#54 Hymael:
	Name = Hymael body = /usr/System/obj/body#54 awakening


Feb  2 22:35:31 ** - <Feb  2 22:35:31 2010> /usr/System/sys/errord Hymael:
	Cannot inherit "/usr/System/lib/weapon"
        /kernel/obj/binary#55
   89      /kernel/obj/binary       receive_message
        /kernel/obj/binary#55
  197      /kernel/lib/connection   receive_message
        ~System/obj/user#59 "hymael"
  376      ~System/obj/user         receive_message
        ~System/obj/wiztool#56
   39      ~System/obj/wiztool      input
        ~System/obj/wiztool#56
  808      /kernel/lib/auto         call_limited
        ~System/obj/wiztool#56
        ~System/obj/wiztool#56
  108      ~System/obj/wiztool      process
        ~System/obj/wiztool#56
  997      /kernel/lib/wiztool      cmd_compile
        ~System/obj/wiztool#56
  256      /kernel/lib/wiztool      compile_object
        ~System/obj/wiztool#56
  356      /kernel/lib/auto         compile_object



Feb  2 23:11:12 ** Compile error in /usr/System/sys/attic/objectdprop.c
  411   syntax error

Feb  2 23:11:12 ** - <Feb  2 23:11:12 2010> /usr/System/sys/errord Hymael:
	Compile error in /usr/System/sys/attic/objectdprop.c
  411   syntax error



Feb  2 23:11:12 ** - <Feb  2 23:11:12 2010> /usr/System/sys/errord Hymael:
	Failed to compile "/usr/System/sys/attic/objectdprop.c"
        /kernel/obj/binary#55
   89      /kernel/obj/binary       receive_message
        /kernel/obj/binary#55
  197      /kernel/lib/connection   receive_message
        ~System/obj/user#59 "hymael"
  376      ~System/obj/user         receive_message
        ~System/obj/wiztool#56
   39      ~System/obj/wiztool      input
        ~System/obj/wiztool#56
  808      /kernel/lib/auto         call_limited
        ~System/obj/wiztool#56
        ~System/obj/wiztool#56
  108      ~System/obj/wiztool      process
        ~System/obj/wiztool#56
  997      /kernel/lib/wiztool      cmd_compile
        ~System/obj/wiztool#56
  256      /kernel/lib/wiztool      compile_object
        ~System/obj/wiztool#56
  356      /kernel/lib/auto         compile_object



Feb  2 23:11:39 ** Compile error in /usr/System/sys/attic/objectdprop.c
  434   syntax error

Feb  2 23:11:39 ** - <Feb  2 23:11:39 2010> /usr/System/sys/errord Hymael:
	Compile error in /usr/System/sys/attic/objectdprop.c
  434   syntax error



Feb  2 23:11:39 ** - <Feb  2 23:11:39 2010> /usr/System/sys/errord Hymael:
	Failed to compile "/usr/System/sys/attic/objectdprop.c"
        /kernel/obj/binary#55
   89      /kernel/obj/binary       receive_message
        /kernel/obj/binary#55
  197      /kernel/lib/connection   receive_message
        ~System/obj/user#59 "hymael"
  376      ~System/obj/user         receive_message
        ~System/obj/wiztool#56
   39      ~System/obj/wiztool      input
        ~System/obj/wiztool#56
  808      /kernel/lib/auto         call_limited
        ~System/obj/wiztool#56
        ~System/obj/wiztool#56
  108      ~System/obj/wiztool      process
        ~System/obj/wiztool#56
  997      /kernel/lib/wiztool      cmd_compile
        ~System/obj/wiztool#56
  256      /kernel/lib/wiztool      compile_object
        ~System/obj/wiztool#56
  356      /kernel/lib/auto         compile_object



Feb  2 23:12:29 ** Compile errors in /usr/System/sys/attic/objectdprop.c
  451   syntax error
  459   undeclared variable path

Feb  2 23:12:29 ** - <Feb  2 23:12:29 2010> /usr/System/sys/errord Hymael:
	Compile errors in /usr/System/sys/attic/objectdprop.c
  451   syntax error
  459   undeclared variable path



Feb  2 23:12:29 ** - <Feb  2 23:12:29 2010> /usr/System/sys/errord Hymael:
	Failed to compile "/usr/System/sys/attic/objectdprop.c"
        /kernel/obj/binary#55
   89      /kernel/obj/binary       receive_message
        /kernel/obj/binary#55
  197      /kernel/lib/connection   receive_message
        ~System/obj/user#59 "hymael"
  376      ~System/obj/user         receive_message
        ~System/obj/wiztool#56
   39      ~System/obj/wiztool      input
        ~System/obj/wiztool#56
  808      /kernel/lib/auto         call_limited
        ~System/obj/wiztool#56
        ~System/obj/wiztool#56
  108      ~System/obj/wiztool      process
        ~System/obj/wiztool#56
  997      /kernel/lib/wiztool      cmd_compile
        ~System/obj/wiztool#56
  256      /kernel/lib/wiztool      compile_object
        ~System/obj/wiztool#56
  356      /kernel/lib/auto         compile_object



Feb  2 23:14:08 ** Compile errors in /usr/System/sys/attic/objectdprop.c
  451   syntax error
  459   undeclared variable path

Feb  2 23:14:08 ** - <Feb  2 23:14:08 2010> /usr/System/sys/errord Hymael:
	Compile errors in /usr/System/sys/attic/objectdprop.c
  451   syntax error
  459   undeclared variable path



Feb  2 23:14:08 ** - <Feb  2 23:14:08 2010> /usr/System/sys/errord Hymael:
	Failed to compile "/usr/System/sys/attic/objectdprop.c"
        /kernel/obj/binary#55
   89      /kernel/obj/binary       receive_message
        /kernel/obj/binary#55
  197      /kernel/lib/connection   receive_message
        ~System/obj/user#59 "hymael"
  376      ~System/obj/user         receive_message
        ~System/obj/wiztool#56
   39      ~System/obj/wiztool      input
        ~System/obj/wiztool#56
  808      /kernel/lib/auto         call_limited
        ~System/obj/wiztool#56
        ~System/obj/wiztool#56
  108      ~System/obj/wiztool      process
        ~System/obj/wiztool#56
  997      /kernel/lib/wiztool      cmd_compile
        ~System/obj/wiztool#56
  256      /kernel/lib/wiztool      compile_object
        ~System/obj/wiztool#56
  356      /kernel/lib/auto         compile_object



Feb  2 23:14:51 ** Compile errors in /usr/System/sys/attic/objectdprop.c
  452   syntax error
  459   undeclared variable path

Feb  2 23:14:51 ** - <Feb  2 23:14:51 2010> /usr/System/sys/errord Hymael:
	Compile errors in /usr/System/sys/attic/objectdprop.c
  452   syntax error
  459   undeclared variable path



Feb  2 23:14:51 ** - <Feb  2 23:14:51 2010> /usr/System/sys/errord Hymael:
	Failed to compile "/usr/System/sys/attic/objectdprop.c"
        /kernel/obj/binary#55
   89      /kernel/obj/binary       receive_message
        /kernel/obj/binary#55
  197      /kernel/lib/connection   receive_message
        ~System/obj/user#59 "hymael"
  376      ~System/obj/user         receive_message
        ~System/obj/wiztool#56
   39      ~System/obj/wiztool      input
        ~System/obj/wiztool#56
  808      /kernel/lib/auto         call_limited
        ~System/obj/wiztool#56
        ~System/obj/wiztool#56
  108      ~System/obj/wiztool      process
        ~System/obj/wiztool#56
  997      /kernel/lib/wiztool      cmd_compile
        ~System/obj/wiztool#56
  256      /kernel/lib/wiztool      compile_object
        ~System/obj/wiztool#56
  356      /kernel/lib/auto         compile_object



Feb  2 23:15:45 ** System halted.
