- <Feb  2 13:46:10 2010> /usr/System/obj/user#51 Hymael:
	Hymael logging in.

- <Feb  2 13:51:32 2010> /usr/System/obj/user#51 Hymael:
	Hymael logging in.

- <Feb  2 13:51:32 2010> /usr/System/obj/user#51 Hymael:
	Hymael - no password code

- <Feb  2 13:52:21 2010> /usr/System/obj/user#51 Hymael:
	Hymael logging in.

- <Feb  2 13:52:21 2010> /usr/System/obj/user#51 Hymael:
	Hymael - no password code

- <Feb  2 13:52:21 2010> /usr/System/obj/user#51 Hymael:
	Hymael - in strange admin code

- <Feb  2 13:53:55 2010> /usr/System/obj/user#51 Hymael:
	Hymael logging in.

- <Feb  2 13:53:55 2010> /usr/System/obj/user#51 Hymael:
	Hymael - no password code

- <Feb  2 13:53:55 2010> /usr/System/obj/user#51 Hymael:
	Hymael - in strange admin code

- <Feb  2 13:54:19 2010> /usr/System/obj/user#51 Hymael:
	Hymael logging in.

- <Feb  2 13:54:19 2010> /usr/System/obj/user#51 Hymael:
	Hymael - no password code

- <Feb  2 13:56:05 2010> /usr/System/obj/user#51 Hymael:
	Hymael logging in.

- <Feb  2 13:56:05 2010> /usr/System/obj/user#51 Hymael:
	Hymael - no password code

- <Feb  2 14:13:15 2010> /usr/System/obj/user#53 Askari:
	Askari logging in.

- <Feb  2 14:13:15 2010> /usr/System/obj/user#53 Askari:
	Askari - no password code

- <Feb  2 14:27:27 2010> /usr/System/obj/user#51 Hymael:
	Hymael logging in.

- <Feb  2 14:27:27 2010> /usr/System/obj/user#51 Hymael:
	Hymael - no password code

- <Feb  2 14:30:05 2010> /usr/System/obj/user#51 Hymael:
	Hymael logging in.

- <Feb  2 14:39:17 2010> /usr/System/obj/user#51 Hymael:
	Hymael logging in.

- <Feb  2 14:39:17 2010> /usr/System/obj/user#51 Hymael:
	Hymael - no password code

- <Feb  2 14:43:11 2010> /usr/System/obj/user#51 Hymael:
	Hymael logging in.

- <Feb  2 14:43:11 2010> /usr/System/obj/user#51 Hymael:
	Hymael - no password code

- <Feb  2 14:43:26 2010> /usr/System/obj/user#51 Hymael:
	Hymael logging in.

- <Feb  2 14:45:19 2010> /usr/System/obj/user#51 Hymael:
	Hymael logging in.

- <Feb  2 14:45:19 2010> /usr/System/obj/user#51 Hymael:
	Hymael - no password code

- <Feb  2 14:45:29 2010> /usr/System/obj/user#51 Hymael:
	Hymael logging in.

- <Feb  2 14:50:01 2010> /usr/System/obj/user#51 Hymael:
	Hymael logging in.

- <Feb  2 14:50:01 2010> /usr/System/obj/user#51 Hymael:
	Hymael - no password code

- <Feb  2 14:50:09 2010> /usr/System/obj/user#51 Hymael:
	Hymael logging in.

- <Feb  2 14:52:53 2010> /usr/System/obj/user#51 Hymael:
	Hymael logging in.

- <Feb  2 14:52:53 2010> /usr/System/obj/user#51 Hymael:
	Hymael - no password code

- <Feb  2 14:52:59 2010> /usr/System/obj/user#51 Hymael:
	Hymael logging in.

- <Feb  2 14:53:04 2010> /usr/System/obj/user#51 Hymael:
	Hymael logging in.

- <Feb  2 14:53:46 2010> /usr/System/obj/user#51 Hymael:
	Hymael logging in.

- <Feb  2 14:53:46 2010> /usr/System/obj/user#51 Hymael:
	Hymael - no password code

- <Feb  2 14:53:51 2010> /usr/System/obj/user#51 Hymael:
	Hymael logging in.

- <Feb  2 15:00:19 2010> /usr/System/obj/user#51 Hymael:
	Hymael logging in.

- <Feb  2 15:00:26 2010> /usr/System/obj/user#51 Hymael:
	Hymael logging in.

- <Feb  2 15:01:51 2010> /usr/System/obj/user#51 Hymael:
	Hymael logging in.

- <Feb  2 15:01:56 2010> /usr/System/obj/user#51 Hymael:
	Hymael logging in.

- <Feb  2 15:08:19 2010> /usr/System/obj/user#51 Hymael:
	Hymael logging in.

- <Feb  2 15:08:25 2010> /usr/System/obj/user#51 Hymael:
	Hymael logging in.

- <Feb  2 15:08:26 2010> /usr/System/obj/user#51 Hymael:
	Initing /usr/System/obj/body#52

- <Feb  2 15:09:24 2010> /usr/System/obj/user#51 Hymael:
	Hymael logging in.

- <Feb  2 15:09:29 2010> /usr/System/obj/user#51 Hymael:
	Hymael logging in.

- <Feb  2 15:09:30 2010> /usr/System/obj/user#51 Hymael:
	Initing /usr/System/obj/body#52 function is /usr/System/lib/race_kit

- <Feb  2 15:10:45 2010> /usr/System/obj/user#51 Hymael:
	Hymael logging in.

- <Feb  2 15:10:50 2010> /usr/System/obj/user#51 Hymael:
	Hymael logging in.

- <Feb  2 15:10:51 2010> /usr/System/obj/user#51 Hymael:
	Initing /usr/System/obj/body#52 function is /usr/System/lib/race_kit

- <Feb  2 15:15:01 2010> /usr/System/obj/user#51 Hymael:
	Hymael logging in.

- <Feb  2 15:15:06 2010> /usr/System/obj/user#51 Hymael:
	Hymael logging in.

- <Feb  2 15:15:07 2010> /usr/System/obj/user#51 Hymael:
	in state_login previous = /kernel/obj/binary#50

- <Feb  2 15:15:07 2010> /usr/System/obj/user#51 Hymael:
	previous = /kernel/obj/binary#50

- <Feb  2 15:15:07 2010> /usr/System/obj/user#51 Hymael:
	Initing /usr/System/obj/body#52 function is /usr/System/lib/race_kit

- <Feb  2 15:22:40 2010> /usr/System/obj/user#51 Hymael:
	Hymael logging in.

- <Feb  2 15:22:46 2010> /usr/System/obj/user#51 Hymael:
	Hymael logging in.

- <Feb  2 15:22:47 2010> /usr/System/obj/user#51 Hymael:
	in state_login previous = /kernel/obj/binary#50

- <Feb  2 15:22:47 2010> /usr/System/obj/user#51 Hymael:
	previous = /kernel/obj/binary#50

- <Feb  2 15:22:47 2010> /usr/System/obj/user#51 Hymael:
	Initing /usr/System/obj/body#52 function is /usr/System/lib/race_kit

- <Feb  2 15:23:45 2010> /usr/System/obj/user#51 Hymael:
	Hymael logging in.

- <Feb  2 15:23:50 2010> /usr/System/obj/user#51 Hymael:
	Hymael logging in.

- <Feb  2 15:23:51 2010> /usr/System/obj/user#51 Hymael:
	in state_login previous = /kernel/obj/binary#50

- <Feb  2 15:23:51 2010> /usr/System/obj/user#51 Hymael:
	Initing /usr/System/obj/body#52 function is /usr/System/lib/race_kit

- <Feb  2 15:36:36 2010> /usr/System/obj/user#51 Hymael:
	Hymael logging in.

- <Feb  2 15:36:42 2010> /usr/System/obj/user#51 Hymael:
	Hymael logging in.

- <Feb  2 15:36:43 2010> /usr/System/obj/user#51 Hymael:
	in state_login previous = /kernel/obj/binary#50

- <Feb  2 15:36:43 2010> /usr/System/obj/user#51 Hymael:
	Initing /usr/System/obj/body#52 function is /usr/System/lib/race_kit

- <Feb  2 15:37:29 2010> /usr/System/obj/user#51 Hymael:
	Hymael logging in.

- <Feb  2 15:37:33 2010> /usr/System/obj/user#51 Hymael:
	Hymael logging in.

- <Feb  2 15:37:34 2010> /usr/System/obj/user#51 Hymael:
	in state_login previous = /kernel/obj/binary#50

- <Feb  2 15:37:34 2010> /usr/System/obj/user#51 Hymael:
	Initing /usr/System/obj/body#52 function is /usr/System/lib/race_kit

- <Feb  2 15:38:55 2010> /usr/System/obj/user#51 Hymael:
	Hymael logging in.

- <Feb  2 15:38:56 2010> /usr/System/obj/user#51 Hymael:
	state = 3

- <Feb  2 15:38:57 2010> /usr/System/obj/user#51 Hymael:
	state = 4

- <Feb  2 15:39:01 2010> /usr/System/obj/user#51 Hymael:
	state = 0

- <Feb  2 15:39:03 2010> /usr/System/obj/user#51 Hymael:
	Hymael logging in.

- <Feb  2 15:39:05 2010> /usr/System/obj/user#51 Hymael:
	state = 1

- <Feb  2 15:39:05 2010> /usr/System/obj/user#51 Hymael:
	in state_login previous = /kernel/obj/binary#50

- <Feb  2 15:39:05 2010> /usr/System/obj/user#51 Hymael:
	Initing /usr/System/obj/body#52 function is /usr/System/lib/race_kit

- <Feb  2 15:39:08 2010> /usr/System/obj/user#51 Hymael:
	state = 0

- <Feb  2 15:40:45 2010> /usr/System/obj/user#51 Hymael:
	Hymael logging in.

- <Feb  2 15:40:46 2010> /usr/System/obj/user#51 Hymael:
	state = 3

- <Feb  2 15:40:47 2010> /usr/System/obj/user#51 Hymael:
	state = 4

- <Feb  2 15:40:49 2010> /usr/System/obj/user#51 Hymael:
	state = 0

- <Feb  2 15:40:51 2010> /usr/System/obj/user#51 Hymael:
	Hymael logging in.

- <Feb  2 15:40:52 2010> /usr/System/obj/user#51 Hymael:
	state = 1

- <Feb  2 15:40:52 2010> /usr/System/obj/user#51 Hymael:
	in state_login previous = /kernel/obj/binary#50

- <Feb  2 15:40:52 2010> /usr/System/obj/user#51 Hymael:
	previous = /kernel/obj/binary#50

- <Feb  2 15:40:52 2010> /usr/System/obj/user#51 Hymael:
	Initing /usr/System/obj/body#52 function is /usr/System/lib/race_kit

- <Feb  2 15:40:54 2010> /usr/System/obj/user#51 Hymael:
	state = 0

- <Feb  2 15:42:45 2010> /usr/System/obj/user#51 Hymael:
	Hymael logging in.

- <Feb  2 15:42:46 2010> /usr/System/obj/user#51 Hymael:
	state = 3

- <Feb  2 15:42:47 2010> /usr/System/obj/user#51 Hymael:
	state = 4

- <Feb  2 15:42:49 2010> /usr/System/obj/user#51 Hymael:
	state = 0

- <Feb  2 15:42:51 2010> /usr/System/obj/user#51 Hymael:
	Hymael logging in.

- <Feb  2 15:42:52 2010> /usr/System/obj/user#51 Hymael:
	state = 1

- <Feb  2 15:42:52 2010> /usr/System/obj/user#51 Hymael:
	in state_login previous = /kernel/obj/binary#50

- <Feb  2 15:42:52 2010> /usr/System/obj/user#51 Hymael:
	previous = /kernel/obj/binary#50

- <Feb  2 15:42:52 2010> /usr/System/obj/user#51 Hymael:
	Initing /usr/System/obj/body#52 function is /usr/System/lib/race_kit

- <Feb  2 15:42:55 2010> /usr/System/obj/user#51 Hymael:
	state = 0

- <Feb  2 15:45:36 2010> /usr/System/obj/user#51 Hymael:
	Hymael logging in.

- <Feb  2 15:45:37 2010> /usr/System/obj/user#51 Hymael:
	state = 3

- <Feb  2 15:45:38 2010> /usr/System/obj/user#51 Hymael:
	state = 4

- <Feb  2 15:45:41 2010> /usr/System/obj/user#51 Hymael:
	state = 0

- <Feb  2 15:45:42 2010> /usr/System/obj/user#51 Hymael:
	Hymael logging in.

- <Feb  2 15:45:44 2010> /usr/System/obj/user#51 Hymael:
	state = 1

- <Feb  2 15:45:44 2010> /usr/System/obj/user#51 Hymael:
	in state_login previous = /kernel/obj/binary#50

- <Feb  2 15:45:44 2010> /usr/System/obj/user#51 Hymael:
	previous = /kernel/obj/binary#50

- <Feb  2 15:45:44 2010> /usr/System/obj/user#51 Hymael:
	Initing /usr/System/obj/body#52 function is /usr/System/lib/race_kit

- <Feb  2 15:45:45 2010> /usr/System/obj/user#51 Hymael:
	state = 5

- <Feb  2 15:45:45 2010> /usr/System/obj/user#51 Hymael:
	In inputobj

- <Feb  2 15:45:45 2010> /usr/System/obj/user#51 Hymael:
	in _input_to

- <Feb  2 15:45:45 2010> /usr/System/obj/body#52 Hymael:
	in input_to male

- <Feb  2 15:45:49 2010> /usr/System/obj/user#51 Hymael:
	state = 5

- <Feb  2 15:45:49 2010> /usr/System/obj/user#51 Hymael:
	In inputobj

- <Feb  2 15:45:49 2010> /usr/System/obj/user#51 Hymael:
	in _input_to

- <Feb  2 15:45:49 2010> /usr/System/obj/body#52 Hymael:
	in input_to dwarf

- <Feb  2 15:45:53 2010> /usr/System/obj/user#51 Hymael:
	state = 5

- <Feb  2 15:45:53 2010> /usr/System/obj/user#51 Hymael:
	In inputobj

- <Feb  2 15:45:53 2010> /usr/System/obj/user#51 Hymael:
	in _input_to

- <Feb  2 15:45:53 2010> /usr/System/obj/body#52 Hymael:
	in input_to dwarf

- <Feb  2 15:46:00 2010> /usr/System/obj/user#51 Hymael:
	state = 5

- <Feb  2 15:46:00 2010> /usr/System/obj/user#51 Hymael:
	In inputobj

- <Feb  2 15:46:00 2010> /usr/System/obj/user#51 Hymael:
	in _input_to

- <Feb  2 15:46:00 2010> /usr/System/obj/body#52 Hymael:
	in input_to score

- <Feb  2 15:49:42 2010> /usr/System/obj/user#51 Hymael:
	Hymael logging in.

- <Feb  2 15:49:47 2010> /usr/System/obj/user#51 Hymael:
	Hymael logging in.

- <Feb  2 15:51:08 2010> /usr/System/obj/user#51 Hymael:
	Hymael logging in.

- <Feb  2 15:52:00 2010> /usr/System/obj/user#59 Askari:
	Askari logging in.

- <Feb  2 15:53:28 2010> /usr/System/obj/user#59 Askari:
	Askari logging in.

- <Feb  2 16:41:18 2010> /usr/System/obj/user#51 Hymael:
	Hymael logging in.

- <Feb  2 17:05:08 2010> /usr/System/obj/user#52 Hymael:
	Hymael logging in.

- <Feb  2 17:05:14 2010> /usr/System/obj/user#52 Hymael:
	Hymael logging in.

- <Feb  2 17:05:50 2010> /usr/System/obj/user#52 Hymael:
	Hymael logging in.

- <Feb  2 17:10:01 2010> /usr/System/obj/user#60 Askari:
	Askari logging in.

- <Feb  2 17:16:22 2010> /usr/System/obj/user#52 Hymael:
	Hymael logging in.

- <Feb  2 17:16:28 2010> /usr/System/obj/user#52 Hymael:
	Hymael logging in.

- <Feb  2 17:18:15 2010> /usr/System/obj/user#59 Askari:
	Askari logging in.

- <Feb  2 17:26:25 2010> /usr/System/obj/user#56 Askari:
	Askari logging in.

- <Feb  2 17:36:54 2010> /usr/System/obj/user#52 Hymael:
	Hymael logging in.

- <Feb  2 17:37:01 2010> /usr/System/obj/user#52 Hymael:
	Hymael logging in.

- <Feb  2 17:37:27 2010> /usr/System/obj/user#52 Hymael:
	Hymael logging in.

- <Feb  2 17:38:01 2010> /usr/System/obj/user#60 Askari:
	Askari logging in.

- <Feb  2 17:54:47 2010> /usr/System/obj/user#53 Hymael:
	Hymael logging in.

- <Feb  2 17:56:36 2010> /usr/System/obj/user#53 Hymael:
	Hymael logging in.

- <Feb  2 17:57:13 2010> /usr/System/obj/user#53 Hymael:
	Hymael logging in.

- <Feb  2 18:42:15 2010> /usr/System/obj/user#60 Askari:
	Askari logging in.

- <Feb  2 19:28:11 2010> /usr/System/obj/user#52 Hymael:
	Hymael logging in.

- <Feb  2 19:28:38 2010> /usr/System/obj/user#52 Hymael:
	Hymael logging in.

- <Feb  2 19:31:22 2010> /usr/System/obj/user#55 Hymael:
	Hymael logging in.

- <Feb  2 19:31:41 2010> /usr/System/obj/user#55 Hymael:
	Hymael logging in.

- <Feb  2 19:37:33 2010> /usr/System/obj/user#55 Hymael:
	Hymael logging in.

- <Feb  2 19:37:57 2010> /usr/System/obj/user#55 Hymael:
	Hymael logging in.

- <Feb  2 20:01:16 2010> /usr/System/obj/user#53 Hymael:
	Hymael logging in.

- <Feb  2 20:01:27 2010> /usr/System/obj/user#53 Hymael:
	Hymael logging in.

- <Feb  2 20:18:29 2010> /usr/System/obj/user#56 Hymael:
	Hymael logging in.

- <Feb  2 20:18:53 2010> /usr/System/obj/user#56 Hymael:
	Hymael logging in.

- <Feb  2 20:21:58 2010> /usr/System/obj/user#54 Hymael:
	Hymael logging in.

- <Feb  2 20:22:44 2010> /usr/System/obj/user#54 Hymael:
	Hymael logging in.

- <Feb  2 20:49:34 2010> /usr/System/obj/user#53 Hymael:
	Hymael logging in.

- <Feb  2 20:50:01 2010> /usr/System/obj/user#53 Hymael:
	Hymael logging in.

- <Feb  2 20:53:34 2010> /usr/System/obj/user#59 L:
	L logging in.

- <Feb  2 20:54:07 2010> /usr/System/obj/user#54 Hymael:
	Hymael logging in.

- <Feb  2 20:54:29 2010> /usr/System/obj/user#52 Hymael:
	Hymael logging in.

- <Feb  2 20:54:50 2010> /usr/System/obj/user#52 Hymael:
	Hymael logging in.

- <Feb  2 21:01:33 2010> /usr/System/obj/user#54 Hymael:
	Hymael logging in.

- <Feb  2 21:02:05 2010> /usr/System/obj/user#54 Hymael:
	Hymael logging in.

- <Feb  2 21:05:33 2010> /usr/System/obj/user#54 Hymael:
	Hymael logging in.

- <Feb  2 21:05:53 2010> /usr/System/obj/user#54 Hymael:
	Hymael logging in.

- <Feb  2 21:06:24 2010> /usr/System/obj/user#53 Hymael:
	Hymael logging in.

- <Feb  2 21:42:44 2010> /usr/System/obj/user#53 Hymael:
	Hymael logging in.

- <Feb  2 21:42:53 2010> /usr/System/obj/user#53 Hymael:
	Error in player save Access denied


- <Feb  2 21:45:53 2010> /usr/System/obj/user#53 Hymael:
	Hymael logging in.

- <Feb  2 21:46:05 2010> /usr/System/obj/user#52 Hymael:
	Hymael logging in.

- <Feb  2 21:47:12 2010> /usr/System/obj/user#53 Hymael:
	Hymael logging in.

- <Feb  2 21:47:12 2010> /usr/System/obj/user#53 Hymael:
	Restoring hymael

- <Feb  2 21:47:22 2010> /usr/System/obj/user#53 Hymael:
	Saving hymael

- <Feb  2 21:47:24 2010> /usr/System/obj/user#52 Hymael:
	Hymael logging in.

- <Feb  2 21:47:24 2010> /usr/System/obj/user#52 Hymael:
	Restoring hymael

- <Feb  2 21:51:39 2010> /usr/System/obj/user#53 Hymael:
	Hymael logging in.

- <Feb  2 21:51:39 2010> /usr/System/obj/user#53 Hymael:
	Restoring hymael

- <Feb  2 21:51:50 2010> /usr/System/obj/user#53 Hymael:
	Saving hymael

- <Feb  2 21:51:54 2010> /usr/System/obj/user#52 Hymael:
	Hymael logging in.

- <Feb  2 21:51:54 2010> /usr/System/obj/user#52 Hymael:
	Restoring hymael

- <Feb  2 21:53:45 2010> /usr/System/obj/user#53 Hymael:
	Hymael logging in.

- <Feb  2 21:53:45 2010> /usr/System/obj/user#53 Hymael:
	Restoring hymael

- <Feb  2 21:54:48 2010> /usr/System/obj/user#53 Hymael:
	Hymael logging in.

- <Feb  2 21:54:48 2010> /usr/System/obj/user#53 Hymael:
	Restoring hymael

- <Feb  2 21:55:45 2010> /usr/System/obj/user#53 Hymale:
	Hymale logging in.

- <Feb  2 21:55:45 2010> /usr/System/obj/user#53 Hymale:
	Restoring hymale

- <Feb  2 21:55:49 2010> /usr/System/obj/user#53 Hymale:
	Saving hymale

- <Feb  2 21:55:51 2010> /usr/System/obj/user#54 Hymael:
	Hymael logging in.

- <Feb  2 21:55:51 2010> /usr/System/obj/user#54 Hymael:
	Restoring hymael

- <Feb  2 21:55:52 2010> /usr/System/obj/user#54 Hymael:
	Going into awaken with  no body

- <Feb  2 21:56:00 2010> /usr/System/obj/user#54 Hymael:
	Saving hymael

- <Feb  2 21:56:02 2010> /usr/System/obj/user#52 Hymael:
	Hymael logging in.

- <Feb  2 21:56:02 2010> /usr/System/obj/user#52 Hymael:
	Restoring hymael

- <Feb  2 21:56:03 2010> /usr/System/obj/user#52 Hymael:
	Going into awaken with  no body

- <Feb  2 22:01:20 2010> /usr/System/obj/user#53 Hymael:
	Hymael logging in.

- <Feb  2 22:01:20 2010> /usr/System/obj/user#53 Hymael:
	Restoring hymael

- <Feb  2 22:01:21 2010> /usr/System/obj/user#53 Hymael:
	Going into awaken with  no body

- <Feb  2 22:01:28 2010> /usr/System/obj/user#53 Hymael:
	Saving hymael

- <Feb  2 22:01:34 2010> /usr/System/obj/user#52 Hymael:
	Hymael logging in.

- <Feb  2 22:01:34 2010> /usr/System/obj/user#52 Hymael:
	Restoring hymael

- <Feb  2 22:01:35 2010> /usr/System/obj/user#52 Hymael:
	Going into awaken with /usr/System/obj/body#54

- <Feb  2 22:01:35 2010> /usr/System/obj/body#54 Hymael:
	awaken called by /usr/System/obj/user

- <Feb  2 22:02:00 2010> /usr/System/obj/user#52 Hymael:
	Saving hymael

- <Feb  2 22:02:02 2010> /usr/System/obj/user#53 Hymael:
	Hymael logging in.

- <Feb  2 22:02:02 2010> /usr/System/obj/user#53 Hymael:
	Restoring hymael

- <Feb  2 22:02:03 2010> /usr/System/obj/user#53 Hymael:
	Going into awaken with /usr/System/obj/body#54

- <Feb  2 22:02:03 2010> /usr/System/obj/body#54 Hymael:
	awaken called by /usr/System/obj/user

- <Feb  2 22:02:27 2010> /usr/System/obj/user#53 /usr/System/obj/user:
	Saving hymael

- <Feb  2 22:02:43 2010> /usr/System/obj/user#55 Hymael:
	Hymael logging in.

- <Feb  2 22:02:43 2010> /usr/System/obj/user#55 Hymael:
	Restoring hymael

- <Feb  2 22:02:44 2010> /usr/System/obj/user#55 Hymael:
	Going into awaken with /usr/System/obj/body#54

- <Feb  2 22:02:44 2010> /usr/System/obj/body#54 Hymael:
	awaken called by /usr/System/obj/user

- <Feb  2 22:04:29 2010> /usr/System/obj/user#55 /usr/System/obj/user:
	Saving hymael

- <Feb  2 22:04:57 2010> /usr/System/obj/user#55 Hymael:
	Hymael logging in.

- <Feb  2 22:04:57 2010> /usr/System/obj/user#55 Hymael:
	Restoring hymael

- <Feb  2 22:04:57 2010> /usr/System/obj/user#55 Hymael:
	Going into awaken with /usr/System/obj/body#54

- <Feb  2 22:04:57 2010> /usr/System/obj/body#54 Hymael:
	awaken called by /usr/System/obj/user

- <Feb  2 22:05:29 2010> /usr/System/obj/user#55 /usr/System/obj/user:
	Saving hymael

- <Feb  2 22:05:47 2010> /usr/System/obj/user#55 Hymael:
	Hymael logging in.

- <Feb  2 22:05:47 2010> /usr/System/obj/user#55 Hymael:
	Restoring hymael

- <Feb  2 22:05:48 2010> /usr/System/obj/user#55 Hymael:
	Going into awaken with /usr/System/obj/body#54

- <Feb  2 22:05:48 2010> /usr/System/obj/body#54 Hymael:
	awaken called by /usr/System/obj/user

- <Feb  2 22:09:09 2010> /usr/System/obj/user#55 /usr/System/obj/user:
	Saving hymael

- <Feb  2 22:09:22 2010> /usr/System/obj/user#59 Hymael:
	Hymael logging in.

- <Feb  2 22:09:22 2010> /usr/System/obj/user#59 Hymael:
	Restoring hymael

- <Feb  2 22:09:23 2010> /usr/System/obj/user#59 Hymael:
	Going into awaken with /usr/System/obj/body#54

- <Feb  2 22:09:23 2010> /usr/System/obj/body#54 Hymael:
	awaken called by /usr/System/obj/user

