- <Feb  1 21:46:59 2010> /usr/System/sys/errord /usr/System/sys/errord:
	Bad argument 1 for kfun call_other
        ~System/obj/limb
        ~System/obj/limb
        ~System/obj/limb
   41      ~System/lib/limb   decay



- <Feb  1 23:12:48 2010> /usr/System/sys/errord /usr/System/sys/errord:
	Failed to compile "/usr/System/lib/container.c"
        /kernel/sys/driver
  447      -                  initialize
        /kernel/sys/driver
  429      -                  _initialize
        /kernel/sys/rsrcd
  609      -                  initd
        /kernel/sys/rsrcd
  361      /kernel/lib/auto   compile_object
        ~System/initd
        ~System/initd
   57      -                  create
        ~System/initd
  361      /kernel/lib/auto   compile_object
        ~System/sys/telnetd
        ~System/sys/telnetd
    6      -                  create
        ~System/sys/telnetd
  361      /kernel/lib/auto   compile_object
        ~System/obj/user
        ~System/obj/user
   41      -                  create
        ~System/obj/user
  356      /kernel/lib/auto   compile_object



- <Feb  1 23:18:45 2010> /usr/System/sys/errord /usr/System/sys/errord:
	Failed to compile "/usr/System/lib/container.c"
        /kernel/sys/driver
  447      -                  initialize
        /kernel/sys/driver
  429      -                  _initialize
        /kernel/sys/rsrcd
  609      -                  initd
        /kernel/sys/rsrcd
  361      /kernel/lib/auto   compile_object
        ~System/initd
        ~System/initd
   57      -                  create
        ~System/initd
  361      /kernel/lib/auto   compile_object
        ~System/sys/telnetd
        ~System/sys/telnetd
    6      -                  create
        ~System/sys/telnetd
  361      /kernel/lib/auto   compile_object
        ~System/obj/user
        ~System/obj/user
   41      -                  create
        ~System/obj/user
  356      /kernel/lib/auto   compile_object



- <Feb  1 23:26:09 2010> /usr/System/sys/errord Jeb:
	Bad argument 1 for kfun query_editor
        /kernel/obj/binary#61
   89      /kernel/obj/binary       receive_message
        /kernel/obj/binary#61
  197      /kernel/lib/connection   receive_message
        ~System/obj/user#62 "jeb"
  332      ~System/obj/user         receive_message
        ~System/obj/body#63 "jeb"
  616      ~System/lib/body         input



- <Feb  1 23:26:11 2010> /usr/System/sys/errord Jeb:
	Bad argument 1 for kfun query_editor
        /kernel/obj/binary#61
   89      /kernel/obj/binary       receive_message
        /kernel/obj/binary#61
  197      /kernel/lib/connection   receive_message
        ~System/obj/user#62 "jeb"
  332      ~System/obj/user         receive_message
        ~System/obj/body#63 "jeb"
  616      ~System/lib/body         input



- <Feb  1 23:26:14 2010> /usr/System/sys/errord Jeb:
	Bad argument 1 for kfun query_editor
        /kernel/obj/binary#61
   89      /kernel/obj/binary       receive_message
        /kernel/obj/binary#61
  197      /kernel/lib/connection   receive_message
        ~System/obj/user#62 "jeb"
  332      ~System/obj/user         receive_message
        ~System/obj/body#63 "jeb"
  616      ~System/lib/body         input



- <Feb  1 23:27:30 2010> /usr/System/sys/errord /usr/System/sys/errord:
	Bad argument 1 for kfun call_other
        ~System/obj/limb
        ~System/obj/limb
        ~System/obj/limb
   41      ~System/lib/limb   decay



- <Feb  1 23:27:42 2010> /usr/System/sys/errord Jeb:
	Bad argument 1 for kfun query_editor
        /kernel/obj/binary#61
   89      /kernel/obj/binary       receive_message
        /kernel/obj/binary#61
  197      /kernel/lib/connection   receive_message
        ~System/obj/user#62 "jeb"
  332      ~System/obj/user         receive_message
        ~System/obj/body#63 "jeb"
  616      ~System/lib/body         input



- <Feb  1 23:41:27 2010> /usr/System/sys/errord /usr/System/sys/errord:
	Failed to compile "/usr/System/obj/user.c"
        /kernel/sys/driver
  447      -                  initialize
        /kernel/sys/driver
  429      -                  _initialize
        /kernel/sys/rsrcd
  609      -                  initd
        /kernel/sys/rsrcd
  361      /kernel/lib/auto   compile_object
        ~System/initd
        ~System/initd
   57      -                  create
        ~System/initd
  361      /kernel/lib/auto   compile_object
        ~System/sys/telnetd
        ~System/sys/telnetd
    6      -                  create
        ~System/sys/telnetd
  356      /kernel/lib/auto   compile_object



- <Feb  1 23:41:49 2010> /usr/System/sys/errord /usr/System/sys/errord:
	Failed to compile "/usr/System/lib/body.c"
        /kernel/sys/driver
  447      -                  initialize
        /kernel/sys/driver
  429      -                  _initialize
        /kernel/sys/rsrcd
  609      -                  initd
        /kernel/sys/rsrcd
  361      /kernel/lib/auto   compile_object
        ~System/initd
        ~System/initd
   57      -                  create
        ~System/initd
  361      /kernel/lib/auto   compile_object
        ~System/sys/telnetd
        ~System/sys/telnetd
    6      -                  create
        ~System/sys/telnetd
  361      /kernel/lib/auto   compile_object
        ~System/obj/user
        ~System/obj/user
   41      -                  create
        ~System/obj/user
  356      /kernel/lib/auto   compile_object



- <Feb  1 23:43:19 2010> /usr/System/sys/errord /usr/System/sys/errord:
	Failed to compile "/usr/System/lib/body.c"
        /kernel/sys/driver
  447      -                  initialize
        /kernel/sys/driver
  429      -                  _initialize
        /kernel/sys/rsrcd
  609      -                  initd
        /kernel/sys/rsrcd
  361      /kernel/lib/auto   compile_object
        ~System/initd
        ~System/initd
   57      -                  create
        ~System/initd
  361      /kernel/lib/auto   compile_object
        ~System/sys/telnetd
        ~System/sys/telnetd
    6      -                  create
        ~System/sys/telnetd
  361      /kernel/lib/auto   compile_object
        ~System/obj/user
        ~System/obj/user
   41      -                  create
        ~System/obj/user
  356      /kernel/lib/auto   compile_object



- <Feb  1 23:43:52 2010> /usr/System/sys/errord Hymael:
	Bad argument 2 for kfun +
        /kernel/obj/binary#53
   89      /kernel/obj/binary       receive_message
        /kernel/obj/binary#53
  197      /kernel/lib/connection   receive_message
        ~System/obj/user#54 "hymael"
  332      ~System/obj/user         receive_message
        ~System/obj/body#56 "hymael"
  651      ~System/lib/body         input



- <Feb  1 23:43:53 2010> /usr/System/sys/errord Hymael:
	Bad argument 2 for kfun +
        /kernel/obj/binary#53
   89      /kernel/obj/binary       receive_message
        /kernel/obj/binary#53
  197      /kernel/lib/connection   receive_message
        ~System/obj/user#54 "hymael"
  332      ~System/obj/user         receive_message
        ~System/obj/body#56 "hymael"
  651      ~System/lib/body         input



- <Feb  1 23:43:55 2010> /usr/System/sys/errord Hymael:
	Bad argument 2 for kfun +
        /kernel/obj/binary#53
   89      /kernel/obj/binary       receive_message
        /kernel/obj/binary#53
  197      /kernel/lib/connection   receive_message
        ~System/obj/user#54 "hymael"
  332      ~System/obj/user         receive_message
        ~System/obj/body#56 "hymael"
  651      ~System/lib/body         input



- <Feb  1 23:44:45 2010> /usr/System/sys/errord Hymael:
	Bad argument 2 for kfun +
        /kernel/obj/binary#53
   89      /kernel/obj/binary       receive_message
        /kernel/obj/binary#53
  197      /kernel/lib/connection   receive_message
        ~System/obj/user#54 "hymael"
  332      ~System/obj/user         receive_message
        ~System/obj/body#56 "hymael"
  651      ~System/lib/body         input



- <Feb  1 23:45:21 2010> /usr/System/sys/errord Jeb:
	Bad argument 1 for kfun query_editor
        /kernel/obj/binary#56
   89      /kernel/obj/binary       receive_message
        /kernel/obj/binary#56
  197      /kernel/lib/connection   receive_message
        ~System/obj/user#57 "jeb"
  332      ~System/obj/user         receive_message
        ~System/obj/body#58 "jeb"
  617      ~System/lib/body         input



- <Feb  1 23:45:23 2010> /usr/System/sys/errord Jeb:
	Bad argument 1 for kfun query_editor
        /kernel/obj/binary#56
   89      /kernel/obj/binary       receive_message
        /kernel/obj/binary#56
  197      /kernel/lib/connection   receive_message
        ~System/obj/user#57 "jeb"
  332      ~System/obj/user         receive_message
        ~System/obj/body#58 "jeb"
  617      ~System/lib/body         input



- <Feb  1 23:47:07 2010> /usr/System/sys/errord /usr/System/sys/errord:
	Failed to compile "/usr/System/lib/body.c"
        /kernel/sys/driver
  447      -                  initialize
        /kernel/sys/driver
  429      -                  _initialize
        /kernel/sys/rsrcd
  609      -                  initd
        /kernel/sys/rsrcd
  361      /kernel/lib/auto   compile_object
        ~System/initd
        ~System/initd
   57      -                  create
        ~System/initd
  361      /kernel/lib/auto   compile_object
        ~System/sys/telnetd
        ~System/sys/telnetd
    6      -                  create
        ~System/sys/telnetd
  361      /kernel/lib/auto   compile_object
        ~System/obj/user
        ~System/obj/user
   41      -                  create
        ~System/obj/user
  356      /kernel/lib/auto   compile_object



- <Feb  1 23:57:56 2010> /usr/System/sys/errord /usr/System/sys/errord:
	Bad argument 1 for kfun call_other
        ~System/obj/limb
        ~System/obj/limb
        ~System/obj/limb
   41      ~System/lib/limb   decay



- <Feb  2 00:22:00 2010> /usr/System/sys/errord /usr/System/sys/errord:
	Bad argument 1 for kfun +
        ~System/obj/limb
        ~System/obj/limb
        ~System/obj/limb
   34      ~System/lib/limb   decay



- <Feb  2 00:22:00 2010> /usr/System/sys/errord /usr/System/sys/errord:
	Bad argument 1 for kfun +
        ~System/obj/limb#72
        ~System/obj/limb#72
        ~System/obj/limb#72
   34      ~System/lib/limb   decay



