- <Nov  3 15:08:55 2006> /usr/System/obj/user#44 Jeb:
	Jeb body in storage = No body

- <Nov  3 15:08:55 2006> /usr/System/obj/user#44 Jeb:
	Jeb fabricating body


- <Nov  3 15:11:17 2006> /usr/System/obj/user#44 Jeb:
	Jeb entered logout


- <Nov  3 15:11:17 2006> /usr/System/obj/user#44 Jeb:
	Name = jeb body = /usr/System/obj/body#45


- <Nov  3 15:12:01 2006> /usr/System/obj/user#44 Jeb:
	Jeb body in storage = /usr/System/obj/body#45

- <Nov  3 15:12:01 2006> /usr/System/obj/body#45 Jeb:
	Name = Jeb body = /usr/System/obj/body#45 awakening


- <Nov  3 15:14:39 2006> /usr/System/obj/user#50 Victim:
	Victim body in storage = No body

- <Nov  3 15:14:39 2006> /usr/System/obj/user#50 Victim:
	Victim fabricating body


- <Nov  3 15:22:57 2006> /usr/System/obj/user#44 Jeb:
	Jeb entered logout


- <Nov  3 15:22:57 2006> /usr/System/obj/user#44 Jeb:
	Name = jeb body = /usr/System/obj/body#45


- <Nov  3 15:23:01 2006> /usr/System/obj/user#44 Jeb:
	Jeb body in storage = /usr/System/obj/body#45

- <Nov  3 15:23:01 2006> /usr/System/obj/body#45 Jeb:
	Name = Jeb body = /usr/System/obj/body#45 awakening


- <Nov  3 15:23:07 2006> /usr/System/obj/user#44 Jeb:
	Jeb entered logout


- <Nov  3 15:23:07 2006> /usr/System/obj/user#44 Jeb:
	Name = jeb body = /usr/System/obj/body#45


- <Nov  3 15:23:10 2006> /usr/System/obj/user#44 Jeb:
	Jeb body in storage = /usr/System/obj/body#45

- <Nov  3 15:23:10 2006> /usr/System/obj/body#45 Jeb:
	Name = Jeb body = /usr/System/obj/body#45 awakening


- <Nov  3 15:23:10 2006> /usr/System/obj/user#44 Jeb:
	Jeb entered logout


- <Nov  3 15:23:10 2006> /usr/System/obj/user#44 Jeb:
	Name = jeb body = /usr/System/obj/body#45


- <Nov  3 15:23:13 2006> /usr/System/obj/user#44 Jeb:
	Jeb body in storage = /usr/System/obj/body#45

- <Nov  3 15:23:13 2006> /usr/System/obj/body#45 Jeb:
	Name = Jeb body = /usr/System/obj/body#45 awakening


- <Nov  3 15:24:22 2006> /usr/System/obj/user#45 Jeb:
	Jeb body in storage = No body

- <Nov  3 15:24:22 2006> /usr/System/obj/user#45 Jeb:
	Jeb fabricating body


- <Nov  3 15:32:13 2006> /usr/System/obj/user#44 Jeb:
	Jeb body in storage = No body

- <Nov  3 15:32:13 2006> /usr/System/obj/user#44 Jeb:
	Jeb fabricating body


- <Nov  3 15:32:25 2006> /usr/System/obj/user#49 Jethro:
	Jethro body in storage = No body

- <Nov  3 15:32:25 2006> /usr/System/obj/user#49 Jethro:
	Jethro fabricating body


- <Nov  3 15:34:54 2006> /usr/System/obj/user#44 Jeb:
	Jeb entered logout


- <Nov  3 15:34:54 2006> /usr/System/obj/user#44 Jeb:
	Name = jeb body = /usr/System/obj/body#45


- <Nov  3 15:34:54 2006> /usr/System/obj/body#45 Jeb:
	Name = Jeb body = /usr/System/obj/body#45 going into stasis


- <Nov  3 15:34:59 2006> /usr/System/obj/user#44 Jeb:
	Jeb body in storage = /usr/System/obj/body#45

- <Nov  3 15:34:59 2006> /usr/System/obj/body#45 Jeb:
	Name = Jeb body = /usr/System/obj/body#45 awakening


- <Nov  3 15:35:17 2006> /usr/System/obj/user#44 Jeb:
	Jeb entered logout


- <Nov  3 15:35:17 2006> /usr/System/obj/user#44 Jeb:
	Name = jeb body = /usr/System/obj/body#45


- <Nov  3 15:35:17 2006> /usr/System/obj/body#45 Jeb:
	Name = Jeb body = /usr/System/obj/body#45 going into stasis


- <Nov  3 15:35:26 2006> /usr/System/obj/user#44 Jeb:
	Jeb body in storage = /usr/System/obj/body#45

- <Nov  3 15:35:26 2006> /usr/System/obj/body#45 Jeb:
	Name = Jeb body = /usr/System/obj/body#45 awakening


- <Nov  3 16:01:57 2006> /usr/System/obj/user#45 Jeb:
	Jeb body in storage = No body

- <Nov  3 16:01:57 2006> /usr/System/obj/user#45 Jeb:
	Jeb fabricating body


- <Nov  3 16:03:50 2006> /usr/System/obj/user#44 Jeb:
	Jeb body in storage = No body

- <Nov  3 16:03:50 2006> /usr/System/obj/user#44 Jeb:
	Jeb fabricating body


- <Nov  3 16:06:47 2006> /usr/System/obj/user#44 Jeb:
	Jeb body in storage = No body

- <Nov  3 16:06:47 2006> /usr/System/obj/user#44 Jeb:
	Jeb fabricating body


- <Nov  3 16:09:29 2006> /usr/System/obj/user#45 Jeb:
	Jeb body in storage = No body

- <Nov  3 16:09:29 2006> /usr/System/obj/user#45 Jeb:
	Jeb fabricating body


- <Nov  3 16:11:17 2006> /usr/System/obj/user#44 Jeb:
	Jeb body in storage = No body

- <Nov  3 16:11:17 2006> /usr/System/obj/user#44 Jeb:
	Jeb fabricating body


- <Nov  3 16:13:33 2006> /usr/System/obj/user#49 Jethro:
	Jethro body in storage = No body

- <Nov  3 16:13:33 2006> /usr/System/obj/user#49 Jethro:
	Jethro fabricating body


- <Nov  3 16:18:19 2006> /usr/System/obj/user#44 Jeb:
	Jeb body in storage = No body

- <Nov  3 16:18:19 2006> /usr/System/obj/user#44 Jeb:
	Jeb fabricating body


- <Nov  3 16:20:51 2006> /usr/System/obj/user#44 Jeb:
	Jeb body in storage = No body

- <Nov  3 16:20:51 2006> /usr/System/obj/user#44 Jeb:
	Jeb fabricating body


- <Nov  3 16:22:26 2006> /usr/System/obj/user#44 Jeb:
	Jeb body in storage = No body

- <Nov  3 16:22:26 2006> /usr/System/obj/user#44 Jeb:
	Jeb fabricating body


- <Nov  3 16:28:10 2006> /usr/System/obj/user#45 Jeb:
	Jeb body in storage = No body

- <Nov  3 16:28:10 2006> /usr/System/obj/user#45 Jeb:
	Jeb fabricating body


- <Nov  3 16:28:59 2006> /usr/System/obj/user#49 Jethro:
	Jethro body in storage = No body

- <Nov  3 16:28:59 2006> /usr/System/obj/user#49 Jethro:
	Jethro fabricating body


- <Nov  3 16:32:24 2006> /usr/System/obj/user#44 Jeb:
	Jeb body in storage = No body

- <Nov  3 16:32:24 2006> /usr/System/obj/user#44 Jeb:
	Jeb fabricating body


- <Nov  3 16:34:22 2006> /usr/System/obj/user#49 Jethro:
	Jethro body in storage = No body

- <Nov  3 16:34:22 2006> /usr/System/obj/user#49 Jethro:
	Jethro fabricating body


- <Nov  3 16:37:04 2006> /usr/System/obj/user#45 Jeb:
	Jeb body in storage = No body

- <Nov  3 16:37:04 2006> /usr/System/obj/user#45 Jeb:
	Jeb fabricating body


- <Nov  6 13:24:43 2006> /usr/System/obj/user#44 Passe:
	Passe body in storage = No body

- <Nov  6 13:24:43 2006> /usr/System/obj/user#44 Passe:
	Passe fabricating body


- <Nov  6 13:24:48 2006> /usr/System/obj/user#44 Passe:
	Passe entered logout


- <Nov  6 13:24:48 2006> /usr/System/obj/user#44 Passe:
	Name = passe body = /usr/System/obj/body#45


- <Nov  6 13:24:48 2006> /usr/System/obj/body#45 Passe:
	Name = Passe body = /usr/System/obj/body#45 going into stasis


- <Nov  6 13:24:51 2006> /usr/System/obj/user#43 Jeb:
	Jeb body in storage = /usr/System/obj/body#45

- <Nov  6 13:24:51 2006> /usr/System/obj/body#45 Jeb:
	Name = Jeb body = /usr/System/obj/body#45 awakening


- <Oct 22 17:50:21 2007> /usr/System/obj/user#44 Hymael:
	Hymael body in storage = No body

- <Oct 22 17:50:21 2007> /usr/System/obj/user#44 Hymael:
	Hymael fabricating body


- <Oct 22 17:53:38 2007> /usr/System/obj/user#45 Jeb:
	Jeb body in storage = No body

- <Oct 22 17:53:38 2007> /usr/System/obj/user#45 Jeb:
	Jeb fabricating body


- <Oct 22 18:01:30 2007> /usr/System/obj/user#49 Hymael:
	Hymael body in storage = No body

- <Oct 22 18:01:30 2007> /usr/System/obj/user#49 Hymael:
	Hymael fabricating body


- <Oct 22 20:01:30 2007> /usr/System/obj/user#50 Jeb:
	Jeb body in storage = No body

- <Oct 22 20:01:30 2007> /usr/System/obj/user#50 Jeb:
	Jeb fabricating body


- <Oct 22 20:30:01 2007> /usr/System/obj/user#47 Jeb:
	Jeb body in storage = No body

- <Oct 22 20:30:01 2007> /usr/System/obj/user#47 Jeb:
	Jeb fabricating body


- <Oct 22 20:34:20 2007> /usr/System/obj/user#47 Jeb:
	Jeb body in storage = No body

- <Oct 22 20:34:20 2007> /usr/System/obj/user#47 Jeb:
	Jeb fabricating body


- <Oct 22 20:38:36 2007> /usr/System/obj/user#47 Jeb:
	Jeb body in storage = No body

- <Oct 22 20:38:36 2007> /usr/System/obj/user#47 Jeb:
	Jeb fabricating body


- <Oct 22 20:39:39 2007> /usr/System/obj/user#47 Jeb:
	Jeb body in storage = No body

- <Oct 22 20:39:39 2007> /usr/System/obj/user#47 Jeb:
	Jeb fabricating body


- <Oct 22 20:44:31 2007> /usr/System/obj/user#47 Jeb:
	Jeb body in storage = No body

- <Oct 22 20:44:31 2007> /usr/System/obj/user#47 Jeb:
	Jeb fabricating body


- <Oct 22 22:13:06 2007> /usr/System/obj/user#47 Jeb:
	Jeb body in storage = No body

- <Oct 22 22:13:06 2007> /usr/System/obj/user#47 Jeb:
	Jeb fabricating body


- <Oct 22 22:13:06 2007> /usr/System/obj/user#47 Jeb:
	Jeb entered logout


- <Oct 22 22:15:45 2007> /usr/System/obj/user#48 Jeb:
	Jeb body in storage = No body

- <Oct 22 22:15:45 2007> /usr/System/obj/user#48 Jeb:
	Jeb fabricating body


- <Oct 23 00:14:46 2007> /usr/System/obj/user#48 Jeb:
	Jeb entered logout


- <Oct 23 00:14:46 2007> /usr/System/obj/user#48 Jeb:
	Name = jeb body = /usr/System/obj/body#49


- <Oct 23 00:14:46 2007> /usr/System/obj/body#49 Jeb:
	Name = Jeb body = /usr/System/obj/body#49 going into stasis


- <Oct 23 23:04:04 2007> /usr/System/obj/user#50 Jeb:
	Jeb body in storage = No body

- <Oct 23 23:04:04 2007> /usr/System/obj/user#50 Jeb:
	Jeb fabricating body


- <Oct 26 21:46:25 2007> /usr/System/obj/user#47 Hymael:
	Hymael body in storage = No body

- <Oct 26 21:46:25 2007> /usr/System/obj/user#47 Hymael:
	Hymael fabricating body


- <Oct 26 21:48:36 2007> /usr/System/obj/user#47 Hymael:
	Hymael entered logout


- <Oct 26 21:48:36 2007> /usr/System/obj/user#47 Hymael:
	Name = hymael body = /usr/System/obj/body#48


- <Oct 26 21:48:36 2007> /usr/System/obj/body#48 Hymael:
	Name = Hymael body = /usr/System/obj/body#48 going into stasis


- <Oct 26 21:48:40 2007> /usr/System/obj/user#46 Hymael:
	Hymael body in storage = /usr/System/obj/body#48

- <Oct 26 21:48:40 2007> /usr/System/obj/body#48 Hymael:
	Name = Hymael body = /usr/System/obj/body#48 awakening


- <Oct 26 22:09:22 2007> /usr/System/obj/user#51 Hymael:
	Hymael body in storage = No body

- <Oct 26 22:09:22 2007> /usr/System/obj/user#51 Hymael:
	Hymael fabricating body


- <Oct 26 22:47:55 2007> /usr/System/obj/user#52 Hymael:
	Hymael body in storage = No body

- <Oct 26 22:47:55 2007> /usr/System/obj/user#52 Hymael:
	Hymael fabricating body


- <Oct 26 22:59:24 2007> /usr/System/obj/user#49 Hymael:
	Hymael body in storage = No body

- <Oct 26 22:59:24 2007> /usr/System/obj/user#49 Hymael:
	Hymael fabricating body


- <Oct 26 23:26:31 2007> /usr/System/obj/user#49 Hymael:
	Hymael body in storage = No body

- <Oct 26 23:26:31 2007> /usr/System/obj/user#49 Hymael:
	Hymael fabricating body


- <Oct 26 23:37:41 2007> /usr/System/obj/user#49 Hymael:
	Hymael body in storage = No body

- <Oct 26 23:37:41 2007> /usr/System/obj/user#49 Hymael:
	Hymael fabricating body


- <Oct 27 11:49:04 2007> /usr/System/obj/user#49 Hymael:
	Hymael body in storage = No body

- <Oct 27 11:49:04 2007> /usr/System/obj/user#49 Hymael:
	Hymael fabricating body


- <Oct 27 12:05:59 2007> /usr/System/obj/user#49 Hymael:
	Hymael body in storage = No body

- <Oct 27 12:05:59 2007> /usr/System/obj/user#49 Hymael:
	Hymael fabricating body


- <Oct 27 12:08:58 2007> /usr/System/obj/user#49 Hymael:
	Hymael body in storage = No body

- <Oct 27 12:08:58 2007> /usr/System/obj/user#49 Hymael:
	Hymael fabricating body


- <Oct 27 12:45:41 2007> /usr/System/obj/user#49 Hymael:
	Hymael body in storage = No body

- <Oct 27 12:45:41 2007> /usr/System/obj/user#49 Hymael:
	Hymael fabricating body


- <Oct 27 12:50:07 2007> /usr/System/obj/user#49 Hymael:
	Hymael body in storage = No body

- <Oct 27 12:50:07 2007> /usr/System/obj/user#49 Hymael:
	Hymael fabricating body


- <Oct 27 12:53:48 2007> /usr/System/obj/user#49 Hymael:
	Hymael body in storage = No body

- <Oct 27 12:53:48 2007> /usr/System/obj/user#49 Hymael:
	Hymael fabricating body


- <Oct 27 13:19:13 2007> /usr/System/obj/user#49 Hymael:
	Hymael body in storage = No body

- <Oct 27 13:19:13 2007> /usr/System/obj/user#49 Hymael:
	Hymael fabricating body


- <Oct 27 13:52:20 2007> /usr/System/obj/user#51 Hymael:
	Hymael body in storage = No body

- <Oct 27 13:52:20 2007> /usr/System/obj/user#51 Hymael:
	Hymael fabricating body


- <Oct 27 13:52:31 2007> /usr/System/obj/user#55 Jeb:
	Jeb body in storage = No body

- <Oct 27 13:52:31 2007> /usr/System/obj/user#55 Jeb:
	Jeb fabricating body


- <Oct 27 14:06:08 2007> /usr/System/obj/user#52 Hymael:
	Hymael body in storage = No body

- <Oct 27 14:06:08 2007> /usr/System/obj/user#52 Hymael:
	Hymael fabricating body


- <Oct 27 14:28:11 2007> /usr/System/obj/user#51 Hymael:
	Hymael body in storage = No body

- <Oct 27 14:28:11 2007> /usr/System/obj/user#51 Hymael:
	Hymael fabricating body


- <Oct 27 15:14:53 2007> /usr/System/obj/user#51 Hymael:
	Hymael body in storage = No body

- <Oct 27 15:14:53 2007> /usr/System/obj/user#51 Hymael:
	Hymael fabricating body


- <Oct 27 15:51:54 2007> /usr/System/obj/user#51 Hymael:
	Hymael entered logout


- <Oct 27 15:51:54 2007> /usr/System/obj/user#51 Hymael:
	Name = hymael body = /usr/System/obj/body#52


- <Oct 27 15:51:54 2007> /usr/System/obj/body#52 Hymael:
	Name = Hymael body = /usr/System/obj/body#52 going into stasis


- <Oct 27 15:52:04 2007> /usr/System/obj/user#51 Hymael:
	Hymael body in storage = /usr/System/obj/body#52

- <Oct 27 15:52:04 2007> /usr/System/obj/body#52 Hymael:
	Name = Hymael body = /usr/System/obj/body#52 awakening


- <Oct 27 15:59:18 2007> /usr/System/obj/user#51 Hymael:
	Hymael body in storage = No body

- <Oct 27 15:59:18 2007> /usr/System/obj/user#51 Hymael:
	Hymael fabricating body


- <Oct 27 15:59:37 2007> /usr/System/obj/user#52 Hymael:
	Hymael body in storage = No body

- <Oct 27 15:59:37 2007> /usr/System/obj/user#52 Hymael:
	Hymael fabricating body


- <Oct 27 15:59:51 2007> /usr/System/obj/user#56 Jeb:
	Jeb body in storage = No body

- <Oct 27 15:59:51 2007> /usr/System/obj/user#56 Jeb:
	Jeb fabricating body


- <Oct 27 15:59:55 2007> /usr/System/obj/user#56 Jeb:
	Jeb entered logout


- <Oct 27 15:59:55 2007> /usr/System/obj/user#56 Jeb:
	Name = jeb body = /usr/System/obj/body#57


- <Oct 27 15:59:55 2007> /usr/System/obj/body#57 Jeb:
	Name = Jeb body = /usr/System/obj/body#57 going into stasis


- <Oct 27 16:00:30 2007> /usr/System/obj/user#56 Jeb:
	Jeb body in storage = /usr/System/obj/body#57

- <Oct 27 16:00:30 2007> /usr/System/obj/body#57 Jeb:
	Name = Jeb body = /usr/System/obj/body#57 awakening


- <Oct 27 16:03:51 2007> /usr/System/obj/user#53 Jeb:
	Jeb body in storage = No body

- <Oct 27 16:03:51 2007> /usr/System/obj/user#53 Jeb:
	Jeb fabricating body


- <Oct 27 16:03:56 2007> /usr/System/obj/user#56 Hymael:
	Hymael body in storage = No body

- <Oct 27 16:03:56 2007> /usr/System/obj/user#56 Hymael:
	Hymael fabricating body


- <Oct 27 16:04:07 2007> /usr/System/obj/user#56 Hymael:
	Hymael entered logout


- <Oct 27 16:04:07 2007> /usr/System/obj/user#56 Hymael:
	Name = hymael body = /usr/System/obj/body#57


- <Oct 27 16:04:07 2007> /usr/System/obj/body#57 Hymael:
	Name = Hymael body = /usr/System/obj/body#57 going into stasis


- <Oct 27 16:04:23 2007> /usr/System/obj/user#56 Hymael:
	Hymael body in storage = /usr/System/obj/body#57

- <Oct 27 16:04:23 2007> /usr/System/obj/body#57 Hymael:
	Name = Hymael body = /usr/System/obj/body#57 awakening


- <Oct 28 11:35:31 2007> /usr/System/obj/user#52 Hymael:
	Hymael body in storage = No body

- <Oct 28 11:35:31 2007> /usr/System/obj/user#52 Hymael:
	Hymael fabricating body


- <Oct 29 20:24:09 2007> /usr/System/obj/user#52 Hymael:
	Hymael body in storage = No body

- <Oct 29 20:24:09 2007> /usr/System/obj/user#52 Hymael:
	Hymael fabricating body


- <Oct 29 20:27:07 2007> /usr/System/obj/user#52 Hymael:
	Hymael body in storage = No body

- <Oct 29 20:27:07 2007> /usr/System/obj/user#52 Hymael:
	Hymael fabricating body


- <Oct 29 23:03:29 2007> /usr/System/obj/user#52 Hymael:
	Hymael body in storage = No body

- <Oct 29 23:03:29 2007> /usr/System/obj/user#52 Hymael:
	Hymael fabricating body


- <Oct 29 23:06:14 2007> /usr/System/obj/user#52 Hymael:
	Hymael body in storage = No body

- <Oct 29 23:06:14 2007> /usr/System/obj/user#52 Hymael:
	Hymael fabricating body


- <Oct 29 23:07:55 2007> /usr/System/obj/user#52 Hymael:
	Hymael body in storage = No body

- <Oct 29 23:07:55 2007> /usr/System/obj/user#52 Hymael:
	Hymael fabricating body


- <Oct 30 16:58:00 2007> /usr/System/obj/user#52 Hymael:
	Hymael body in storage = No body

- <Oct 30 16:58:00 2007> /usr/System/obj/user#52 Hymael:
	Hymael fabricating body


- <Oct 30 16:59:09 2007> /usr/System/obj/user#52 Hymael:
	Hymael entered logout


- <Oct 30 16:59:09 2007> /usr/System/obj/user#52 Hymael:
	Name = hymael body = /usr/System/obj/body#53


- <Oct 30 16:59:09 2007> /usr/System/obj/body#53 Hymael:
	Name = Hymael body = /usr/System/obj/body#53 going into stasis


- <Oct 30 16:59:12 2007> /usr/System/obj/user#52 Hymael:
	Hymael body in storage = /usr/System/obj/body#53

- <Oct 30 16:59:12 2007> /usr/System/obj/body#53 Hymael:
	Name = Hymael body = /usr/System/obj/body#53 awakening


- <Oct 30 19:14:36 2007> /usr/System/obj/user#52 Hymael:
	Hymael body in storage = No body

- <Oct 30 19:14:36 2007> /usr/System/obj/user#52 Hymael:
	Hymael fabricating body


- <Oct 30 21:53:42 2007> /usr/System/obj/user#53 Hymael:
	Hymael body in storage = No body

- <Oct 30 21:53:42 2007> /usr/System/obj/user#53 Hymael:
	Hymael fabricating body


- <Oct 30 21:59:29 2007> /usr/System/obj/user#53 Hymael:
	Hymael body in storage = No body

- <Oct 30 21:59:29 2007> /usr/System/obj/user#53 Hymael:
	Hymael fabricating body


- <Oct 30 22:07:59 2007> /usr/System/obj/user#53 Hymael:
	Hymael body in storage = No body

- <Oct 30 22:07:59 2007> /usr/System/obj/user#53 Hymael:
	Hymael fabricating body


