- <Nov  3 16:03:56 2006> /usr/System/sys/errord Jeb:
	Compile error in /usr/jeb/_code
   10   undeclared variable asdf



- <Nov  3 16:06:50 2006> /usr/System/sys/errord Jeb:
	Compile error in /usr/jeb/_code
   10   undeclared variable die



- <Nov  3 16:09:31 2006> /usr/System/sys/errord Jeb:
	Compile error in /usr/jeb/_code
   10   undeclared variable die



- <Nov  3 16:09:33 2006> /usr/System/sys/errord Jeb:
	Compile error in /usr/jeb/_code
   10   undeclared variable diesdaf



- <Nov  3 16:11:20 2006> /usr/System/sys/errord Jeb:
	Compile error in /usr/jeb/_code
   10   undeclared variable asdf



- <Nov  3 16:13:49 2006> /usr/System/sys/errord Jeb:
	Compile error in /usr/jeb/_code
   10   undefined function find_user



- <Nov  3 16:13:55 2006> /usr/System/sys/errord Jeb:
	Compile error in /usr/jeb/_code
   10   undefined function find_player



- <Nov  3 16:14:08 2006> /usr/System/sys/errord Jeb:
	Compile error in /usr/jeb/_code
   10   undefined function query_environment



- <Nov  3 16:14:40 2006> /usr/System/sys/errord Jeb:
	Compile error in /usr/jeb/_code
   10   syntax error



- <Nov  6 14:08:40 2006> /usr/System/sys/errord Jeb:
	Compile error in /usr/jeb/_code
   10   undeclared variable APIOBJREGD



- <Nov  6 16:24:02 2006> /usr/System/sys/errord Jeb:
	Compile error in /usr/jeb/_code
   10   undeclared variable child



- <Nov  6 16:24:05 2006> /usr/System/sys/errord Jeb:
	Compile error in /usr/jeb/_code
   10   undefined function child



- <Nov  6 16:24:09 2006> /usr/System/sys/errord Jeb:
	Compile error in /usr/jeb/_code
   10   undefined function children



- <Nov  7 08:59:21 2006> /usr/System/sys/errord /usr/System/sys/errord:
	Compile error in /usr/System/sys/objectd.c
   54   undefined function indexof



- <Nov  7 09:01:55 2006> /usr/System/sys/errord /usr/System/sys/errord:
	Compile error in /usr/System/sys/objectd.c
  168   undefined function indexof



- <Nov  7 09:02:44 2006> /usr/System/sys/errord /usr/System/sys/errord:
	Compile error in /usr/System/sys/objectd.c
  224   undefined function indexof



- <Nov  7 09:03:38 2006> /usr/System/sys/errord /usr/System/sys/errord:
	Compile error in /usr/System/sys/objectd.c
  295   undefined function indexof



- <Nov  7 09:05:09 2006> /usr/System/sys/errord /usr/System/sys/errord:
	Compile error in /usr/System/sys/objectd.c
  295   syntax error



- <Nov  7 09:05:34 2006> /usr/System/sys/errord /usr/System/sys/errord:
	Compile error in /usr/System/sys/objectd.c
  295   bad argument types for & (int, int *)



- <Oct 21 23:27:46 2007> /usr/System/sys/errord /usr/System/sys/errord:
	Compile error in /usr/System/sys/objectd.c
  295   bad argument types for & (int, int *)



- <Oct 21 23:29:53 2007> /usr/System/sys/errord /usr/System/sys/errord:
	Compile error in /usr/System/sys/objectd.c
  295   bad argument types for & (int, int *)



- <Oct 21 23:30:47 2007> /usr/System/sys/errord /usr/System/sys/errord:
	Compile error in /usr/System/sys/objectd.c
  295   bad argument types for & (int, int *)



- <Oct 21 23:32:48 2007> /usr/System/sys/errord /usr/System/sys/errord:
	Compile error in /usr/System/sys/objectd.c
  295   bad argument types for & (int, int *)



- <Oct 22 00:25:50 2007> /usr/System/sys/errord /usr/System/sys/errord:
	Compile error in /usr/System/sys/objectd.c
   56   parse error



- <Oct 22 17:55:18 2007> /usr/System/sys/errord Jeb:
	Compile error in /usr/jeb/_code
   10   parse error



- <Oct 22 18:32:12 2007> /usr/System/sys/errord Jeb:
	Compile errors in /usr/System/obj/wiztool.c
  168   undeclared variable T_INT
  168   bad case expression
  170   undeclared variable T_NIL
  173   undeclared variable T_STRING
  178   undeclared variable T_OBJECT



- <Oct 22 19:02:11 2007> /usr/System/sys/errord Jeb:
	Compile error in /usr/jeb/_code
   10   undeclared variable DRIVER



- <Oct 22 19:02:34 2007> /usr/System/sys/errord Jeb:
	Compile error in /usr/jeb/_code
   10   undeclared variable OBJECTD



- <Oct 22 20:22:31 2007> /usr/System/sys/errord Jeb:
	Compile errors in /usr/System/lib/play_tool.c
   23   bad lvalue for assignment
   38   parse error



- <Oct 22 20:22:31 2007> /usr/System/sys/errord Jeb:
	Compile error in /usr/admin/_code
   10   parse error



- <Oct 22 20:25:10 2007> /usr/System/sys/errord Jeb:
	Compile error in /usr/System/lib/play_tool.c
   39   parse error



- <Oct 22 20:32:11 2007> /usr/System/sys/errord Jeb:
	Compile error in /usr/jeb/_code
   10   undeclared variable dagger



- <Oct 22 20:45:35 2007> /usr/System/sys/errord Jeb:
	Compile error in /usr/jeb/_code
   10   too few arguments for function function_object



- <Oct 22 22:54:37 2007> /usr/System/sys/errord Jeb:
	Compile error in /usr/jeb/_code
   10   undefined function lowercase



- <Oct 22 22:54:39 2007> /usr/System/sys/errord Jeb:
	Compile error in /usr/jeb/_code
   10   undefined function lowercase



- <Oct 22 22:55:04 2007> /usr/System/sys/errord Jeb:
	Compile error in /usr/jeb/_code
   10   undefined function lower



- <Oct 22 22:55:08 2007> /usr/System/sys/errord Jeb:
	Compile error in /usr/jeb/_code
   10   undefined function lowercase



- <Oct 26 22:46:45 2007> /usr/System/sys/errord /usr/System/sys/errord:
	Compile errors in /usr/System/sys/helpd.c
   30   parse error
   42   parse error



- <Oct 27 12:03:10 2007> /usr/System/sys/errord /usr/System/sys/errord:
	Compile error in /usr/System/obj/wiztool.c
  226   undeclared variable directory



- <Oct 27 12:57:09 2007> /usr/System/sys/errord Hymael:
	Compile error in /usr/hymael/_code
   10   undeclared variable files



- <Oct 27 12:57:14 2007> /usr/System/sys/errord Hymael:
	Compile error in /usr/hymael/_code
   10   undefined function files



- <Oct 27 13:51:31 2007> /usr/System/sys/errord /usr/System/sys/errord:
	Compile error in /usr/System/sys/roomd.c
   17   bad argument types for += (object *, object)



- <Oct 27 14:26:31 2007> /usr/System/sys/errord /usr/System/sys/errord:
	Compile error in /usr/System/sys/roomd.c
   54   missing type for parameter via2



- <Oct 28 11:31:44 2007> /usr/System/sys/errord /usr/System/sys/errord:
	Compile error in /usr/System/lib/play_tool.c
  433   parse error



- <Oct 28 11:33:11 2007> /usr/System/sys/errord /usr/System/sys/errord:
	Compile error in /usr/System/lib/play_tool.c
  451   parse error



- <Oct 28 11:37:15 2007> /usr/System/sys/errord Hymael:
	Compile error in /usr/System/lib/limb.c
   27   undefined function lower_case



- <Oct 28 11:37:29 2007> /usr/System/sys/errord Hymael:
	Compile error in /usr/hymael/_code
   10   undeclared variable lowercase



- <Oct 28 11:48:24 2007> /usr/System/sys/errord /usr/System/sys/errord:
	Compile error in /usr/System/lib/play_tool.c
  475   parse error



- <Oct 29 20:21:55 2007> /usr/System/sys/errord /usr/System/sys/errord:
	Compile error in /usr/System/lib/play_tool.c
  475   parse error



- <Oct 30 17:19:49 2007> /usr/System/sys/errord Hymael:
	Compile error in /usr/hymael/_code
   10   bad argument types for & (mixed *, string)



- <Oct 30 17:19:53 2007> /usr/System/sys/errord Hymael:
	Compile error in /usr/hymael/_code
   10   parse error



- <Oct 30 17:20:06 2007> /usr/System/sys/errord Hymael:
	Compile error in /usr/hymael/_code
   10   parse error



- <Oct 30 17:20:15 2007> /usr/System/sys/errord Hymael:
	Compile error in /usr/hymael/_code
   10   parse error



- <Oct 30 17:20:19 2007> /usr/System/sys/errord Hymael:
	Compile error in /usr/hymael/_code
   10   bad argument types for & (mixed *, string)



- <Oct 30 17:21:09 2007> /usr/System/sys/errord Hymael:
	Compile error in /usr/hymael/_code
   10   bad argument 2 for function member_array (needs mixed *)



- <Oct 30 19:15:02 2007> /usr/System/sys/errord Hymael:
	Compile error in /usr/hymael/_code
   10   undefined function keys



- <Oct 30 19:29:39 2007> /usr/System/sys/errord Hymael:
	Compile error in /usr/hymael/_code
   10   bad argument types for - (mixed *, string)



- <Oct 30 21:52:37 2007> /usr/System/sys/errord /usr/System/sys/errord:
	Compile error in /usr/System/sys/channeld.c
   74   missing type for parameter except



- <Jan 31 22:30:23 2008> /usr/System/sys/errord Hymael:
	Compile error in /usr/hymael/_code
   11   undefined function this_player



- <Jan 31 23:09:23 2008> /usr/System/sys/errord Hymael:
	Compile error in /usr/hymael/_code
   11   syntax error



- <Jan 31 23:09:32 2008> /usr/System/sys/errord Hymael:
	Compile error in /usr/hymael/_code
   11   syntax error



- <Jan 31 23:10:39 2008> /usr/System/sys/errord Hymael:
	Compile error in /usr/hymael/_code
   11   syntax error



- <Jan 31 23:20:47 2008> /usr/System/sys/errord /usr/System/sys/errord:
	Compile error in /usr/System/sys/channeld.c
  110   syntax error



- <Jan 31 23:44:52 2008> /usr/System/sys/errord /usr/System/sys/errord:
	Compile error in /usr/System/sys/channeld.c
  105   bad argument types for += (mapping, mixed *)



- <Feb  1 00:07:03 2008> /usr/System/sys/errord /usr/System/sys/errord:
	Compile errors in /usr/System/sys/channeld.c
  107   bad argument 1 for function sizeof (needs mixed *)
  107   syntax error



- <Feb  1 00:07:36 2008> /usr/System/sys/errord /usr/System/sys/errord:
	Compile errors in /usr/System/sys/channeld.c
  107   bad argument 1 for function sizeof (needs mixed *)
  108   syntax error



- <Feb  1 00:08:01 2008> /usr/System/sys/errord /usr/System/sys/errord:
	Compile errors in /usr/System/sys/channeld.c
  135   returned value doesn't match string * (int)
  137   incompatible types for = (string, mixed *)
  141   bad argument types for += (string, mixed *)
  144   returned value doesn't match string * (string)



- <Feb  1 00:08:30 2008> /usr/System/sys/errord /usr/System/sys/errord:
	Compile errors in /usr/System/sys/channeld.c
  137   incompatible types for = (string, mixed *)
  141   bad argument types for += (string, mixed *)
  144   returned value doesn't match string * (string)



- <Feb  1 00:14:18 2008> /usr/System/sys/errord /usr/System/sys/errord:
	Compile error in /usr/System/lib/body.c
  623   syntax error



- <Feb  1 00:18:38 2008> /usr/System/sys/errord Hymael:
	Compile error in /usr/hymael/_code
   11   syntax error



- <Feb  1 13:19:21 2008> /usr/System/sys/errord Hymael:
	Compile error in /usr/hymael/_code
   11   too few arguments for function function_object



- <Feb  1 14:30:23 2008> /usr/System/sys/errord /usr/System/sys/errord:
	Compile error in /usr/System/sys/objectd.c
   54   undefined function indexof



- <Feb  1 15:06:00 2008> /usr/System/sys/errord Hymael:
	Compile error in /usr/hymael/_code
   11   undefined function all_trace



- <Feb  1 15:21:20 2008> /usr/System/sys/errord Hymael:
	Compile error in /usr/hymael/_code
   11   invalid string range



- <Feb  1 15:21:33 2008> /usr/System/sys/errord Hymael:
	Compile error in /usr/hymael/_code
   11   syntax error



- <Feb  1 15:22:21 2008> /usr/System/sys/errord Hymael:
	Compile error in /usr/hymael/_code
   11   syntax error



- <Feb  1 15:22:30 2008> /usr/System/sys/errord Hymael:
	Compile error in /usr/hymael/_code
   11   syntax error



- <Feb  1 15:23:22 2008> /usr/System/sys/errord Hymael:
	Compile error in /usr/hymael/_code
   11   bad argument 1 for function read_file (needs string)



- <Feb  1 15:23:31 2008> /usr/System/sys/errord Hymael:
	Compile error in /usr/hymael/_code
   11   syntax error



- <Feb  1 15:33:22 2008> /usr/System/sys/errord Hymael:
	Compile errors in /usr/hymael/_code
   11   too few arguments for function block_input
   11   void value not ignored



- <Feb  1 15:33:32 2008> /usr/System/sys/errord Hymael:
	Compile error in /usr/hymael/_code
   11   void value not ignored



- <Feb  2 15:05:07 2008> /usr/System/sys/errord /usr/System/sys/errord:
	Compile errors in /usr/System/lib/play_tool.c
  551   syntax error
  558   undeclared variable alias
  567   undeclared variable set



- <Feb  2 15:08:59 2008> /usr/System/sys/errord Hymael:
	Compile error in /usr/hymael/_code
   11   undefined function user



- <Feb  2 15:10:33 2008> /usr/System/sys/errord Hymael:
	Compile error in /usr/hymael/_code
   11   syntax error



- <Feb  2 15:15:02 2008> /usr/System/sys/errord /usr/System/sys/errord:
	Compile error in /usr/System/lib/body.c
  628   syntax error



- <Feb  2 15:35:55 2008> /usr/System/sys/errord /usr/System/sys/errord:
	Compile error in /usr/System/lib/play_tool.c
  559   syntax error



- <Feb  2 17:17:02 2008> /usr/System/sys/errord Hymael:
	Compile error in /usr/hymael/_code
   11   undefined function state



