- <Nov  3 15:08:55 2006> /usr/System/sys/binaryd /usr/System/sys/binaryd:
	Str = jeb


- <Nov  3 15:14:39 2006> /usr/System/sys/binaryd /usr/System/sys/binaryd:
	Str = victim


- <Nov  3 15:24:22 2006> /usr/System/sys/binaryd /usr/System/sys/binaryd:
	Str = jeb


- <Nov  3 15:32:13 2006> /usr/System/sys/binaryd /usr/System/sys/binaryd:
	Str = jeb


- <Nov  3 15:32:25 2006> /usr/System/sys/binaryd /usr/System/sys/binaryd:
	Str = jethro


- <Nov  3 15:34:59 2006> /usr/System/sys/binaryd /usr/System/sys/binaryd:
	Str = jeb


- <Nov  3 15:35:26 2006> /usr/System/sys/binaryd /usr/System/sys/binaryd:
	Str = jeb


- <Nov  3 16:01:57 2006> /usr/System/sys/binaryd /usr/System/sys/binaryd:
	Str = jeb


- <Nov  3 16:03:50 2006> /usr/System/sys/binaryd /usr/System/sys/binaryd:
	Str = jeb


- <Nov  3 16:06:47 2006> /usr/System/sys/binaryd /usr/System/sys/binaryd:
	Str = jeb


- <Nov  3 16:09:29 2006> /usr/System/sys/binaryd /usr/System/sys/binaryd:
	Str = jeb


- <Nov  3 16:11:17 2006> /usr/System/sys/binaryd /usr/System/sys/binaryd:
	Str = jeb


- <Nov  3 16:13:33 2006> /usr/System/sys/binaryd /usr/System/sys/binaryd:
	Str = jethro


- <Nov  3 16:18:19 2006> /usr/System/sys/binaryd /usr/System/sys/binaryd:
	Str = jeb


- <Nov  3 16:20:51 2006> /usr/System/sys/binaryd /usr/System/sys/binaryd:
	Str = jeb


- <Nov  3 16:22:26 2006> /usr/System/sys/binaryd /usr/System/sys/binaryd:
	Str = jeb


- <Nov  3 16:28:10 2006> /usr/System/sys/binaryd /usr/System/sys/binaryd:
	Str = jeb


- <Nov  3 16:28:59 2006> /usr/System/sys/binaryd /usr/System/sys/binaryd:
	Str = jethro


- <Nov  3 16:32:24 2006> /usr/System/sys/binaryd /usr/System/sys/binaryd:
	Str = jeb


- <Nov  3 16:34:22 2006> /usr/System/sys/binaryd /usr/System/sys/binaryd:
	Str = jethro


- <Nov  3 16:37:04 2006> /usr/System/sys/binaryd /usr/System/sys/binaryd:
	Str = jeb


- <Nov  6 13:24:43 2006> /usr/System/sys/binaryd /usr/System/sys/binaryd:
	Str = passe


- <Nov  6 13:24:51 2006> /usr/System/sys/binaryd /usr/System/sys/binaryd:
	Str = jeb


- <Oct 22 17:50:21 2007> /usr/System/sys/binaryd /usr/System/sys/binaryd:
	Str = hymael


- <Oct 22 17:53:38 2007> /usr/System/sys/binaryd /usr/System/sys/binaryd:
	Str = jeb


- <Oct 22 18:01:30 2007> /usr/System/sys/binaryd /usr/System/sys/binaryd:
	Str = hymael


- <Oct 22 20:01:30 2007> /usr/System/sys/binaryd /usr/System/sys/binaryd:
	Str = jeb


- <Oct 22 20:30:01 2007> /usr/System/sys/binaryd /usr/System/sys/binaryd:
	Str = jeb


- <Oct 22 20:34:20 2007> /usr/System/sys/binaryd /usr/System/sys/binaryd:
	Str = jeb


- <Oct 22 20:38:36 2007> /usr/System/sys/binaryd /usr/System/sys/binaryd:
	Str = jeb


- <Oct 22 20:39:39 2007> /usr/System/sys/binaryd /usr/System/sys/binaryd:
	Str = jeb


- <Oct 22 20:44:31 2007> /usr/System/sys/binaryd /usr/System/sys/binaryd:
	Str = jeb


- <Oct 22 22:15:45 2007> /usr/System/sys/binaryd /usr/System/sys/binaryd:
	Str = jeb


- <Oct 23 23:04:04 2007> /usr/System/sys/binaryd /usr/System/sys/binaryd:
	Str = jeb


- <Oct 26 21:46:25 2007> /usr/System/sys/binaryd /usr/System/sys/binaryd:
	Str = hymael


- <Oct 26 21:48:40 2007> /usr/System/sys/binaryd /usr/System/sys/binaryd:
	Str = hymael


