- <Nov  3 16:02:10 2006> /usr/System/sys/errord Jeb:
	Failed to compile "/usr/jeb/_code" [caught]
        /kernel/obj/binary#43
   88      /kernel/obj/binary       receive_message
  199      /kernel/lib/connection   receive_message
        ~System/obj/user#45 "jeb"
  314      ~System/obj/user         receive_message
        ~System/obj/wiztool#48
   37      ~System/obj/wiztool      input
  760      /kernel/lib/auto         call_limited
  103      ~System/obj/wiztool      process
  897 >    /kernel/lib/wiztool      cmd_code
  251      -                        compile_object
  354      /kernel/lib/auto         compile_object



- <Nov  3 16:03:56 2006> /usr/System/sys/errord Jeb:
	Failed to compile "/usr/jeb/_code" [caught]
        /kernel/obj/binary#43
   88      /kernel/obj/binary       receive_message
  199      /kernel/lib/connection   receive_message
        ~System/obj/user#44 "jeb"
  314      ~System/obj/user         receive_message
        ~System/obj/wiztool#47
   37      ~System/obj/wiztool      input
  760      /kernel/lib/auto         call_limited
  103      ~System/obj/wiztool      process
  897 >    /kernel/lib/wiztool      cmd_code
  251      -                        compile_object
  354      /kernel/lib/auto         compile_object



- <Nov  3 16:06:50 2006> /usr/System/sys/errord Jeb:
	Failed to compile "/usr/jeb/_code" [caught]
        /kernel/obj/binary#43
   88      /kernel/obj/binary       receive_message
  199      /kernel/lib/connection   receive_message
        ~System/obj/user#44 "jeb"
  314      ~System/obj/user         receive_message
        ~System/obj/wiztool#47
   37      ~System/obj/wiztool      input
  760      /kernel/lib/auto         call_limited
  103      ~System/obj/wiztool      process
  897 >    /kernel/lib/wiztool      cmd_code
  251      -                        compile_object
  354      /kernel/lib/auto         compile_object



- <Nov  3 16:09:31 2006> /usr/System/sys/errord Jeb:
	Failed to compile "/usr/jeb/_code" [caught]
        /kernel/obj/binary#44
   88      /kernel/obj/binary       receive_message
  199      /kernel/lib/connection   receive_message
        ~System/obj/user#45 "jeb"
  314      ~System/obj/user         receive_message
        ~System/obj/wiztool#48
   37      ~System/obj/wiztool      input
  760      /kernel/lib/auto         call_limited
  103      ~System/obj/wiztool      process
  897 >    /kernel/lib/wiztool      cmd_code
  251      -                        compile_object
  354      /kernel/lib/auto         compile_object



- <Nov  3 16:09:33 2006> /usr/System/sys/errord Jeb:
	Failed to compile "/usr/jeb/_code" [caught]
        /kernel/obj/binary#44
   88      /kernel/obj/binary       receive_message
  199      /kernel/lib/connection   receive_message
        ~System/obj/user#45 "jeb"
  314      ~System/obj/user         receive_message
        ~System/obj/wiztool#48
   37      ~System/obj/wiztool      input
  760      /kernel/lib/auto         call_limited
  103      ~System/obj/wiztool      process
  897 >    /kernel/lib/wiztool      cmd_code
  251      -                        compile_object
  354      /kernel/lib/auto         compile_object



- <Nov  3 16:11:20 2006> /usr/System/sys/errord Jeb:
	Failed to compile "/usr/jeb/_code" [caught]
        /kernel/obj/binary#43
   88      /kernel/obj/binary       receive_message
  199      /kernel/lib/connection   receive_message
        ~System/obj/user#44 "jeb"
  314      ~System/obj/user         receive_message
        ~System/obj/wiztool#47
   37      ~System/obj/wiztool      input
  760      /kernel/lib/auto         call_limited
  103      ~System/obj/wiztool      process
  897 >    /kernel/lib/wiztool      cmd_code
  251      -                        compile_object
  354      /kernel/lib/auto         compile_object



- <Nov  3 16:13:49 2006> /usr/System/sys/errord Jeb:
	Failed to compile "/usr/jeb/_code" [caught]
        /kernel/obj/binary#43
   88      /kernel/obj/binary       receive_message
  199      /kernel/lib/connection   receive_message
        ~System/obj/user#44 "jeb"
  314      ~System/obj/user         receive_message
        ~System/obj/wiztool#47
   37      ~System/obj/wiztool      input
  760      /kernel/lib/auto         call_limited
  103      ~System/obj/wiztool      process
  897 >    /kernel/lib/wiztool      cmd_code
  251      -                        compile_object
  354      /kernel/lib/auto         compile_object



- <Nov  3 16:13:55 2006> /usr/System/sys/errord Jeb:
	Failed to compile "/usr/jeb/_code" [caught]
        /kernel/obj/binary#43
   88      /kernel/obj/binary       receive_message
  199      /kernel/lib/connection   receive_message
        ~System/obj/user#44 "jeb"
  314      ~System/obj/user         receive_message
        ~System/obj/wiztool#47
   37      ~System/obj/wiztool      input
  760      /kernel/lib/auto         call_limited
  103      ~System/obj/wiztool      process
  897 >    /kernel/lib/wiztool      cmd_code
  251      -                        compile_object
  354      /kernel/lib/auto         compile_object



- <Nov  3 16:14:08 2006> /usr/System/sys/errord Jeb:
	Failed to compile "/usr/jeb/_code" [caught]
        /kernel/obj/binary#43
   88      /kernel/obj/binary       receive_message
  199      /kernel/lib/connection   receive_message
        ~System/obj/user#44 "jeb"
  314      ~System/obj/user         receive_message
        ~System/obj/wiztool#47
   37      ~System/obj/wiztool      input
  760      /kernel/lib/auto         call_limited
  103      ~System/obj/wiztool      process
  897 >    /kernel/lib/wiztool      cmd_code
  251      -                        compile_object
  354      /kernel/lib/auto         compile_object



- <Nov  3 16:14:40 2006> /usr/System/sys/errord Jeb:
	Failed to compile "/usr/jeb/_code" [caught]
        /kernel/obj/binary#43
   88      /kernel/obj/binary       receive_message
  199      /kernel/lib/connection   receive_message
        ~System/obj/user#44 "jeb"
  314      ~System/obj/user         receive_message
        ~System/obj/wiztool#47
   37      ~System/obj/wiztool      input
  760      /kernel/lib/auto         call_limited
  103      ~System/obj/wiztool      process
  897 >    /kernel/lib/wiztool      cmd_code
  251      -                        compile_object
  354      /kernel/lib/auto         compile_object



- <Nov  3 16:16:02 2006> /usr/System/sys/errord Jeb:
	Index on bad type [caught]
        /kernel/obj/binary#43
   88      /kernel/obj/binary       receive_message
  199      /kernel/lib/connection   receive_message
        ~System/obj/user#44 "jeb"
  309      ~System/obj/user         receive_message
        ~System/obj/body#45 "jeb"
  614      ~System/lib/body         input
   49      ~System/lib/play_tool    cmd_go
        ~System/obj/room#46
   67 >    ~System/obj/room         query_exit



- <Nov  3 16:16:02 2006> /usr/System/sys/errord Jeb:
	No exit.

        /kernel/obj/binary#43
   88      /kernel/obj/binary       receive_message
  199      /kernel/lib/connection   receive_message
        ~System/obj/user#44 "jeb"
  309      ~System/obj/user         receive_message
        ~System/obj/body#45 "jeb"
  614      ~System/lib/body         input
   49      ~System/lib/play_tool    cmd_go
        ~System/obj/room#46
   67      ~System/obj/room         query_exit



- <Nov  3 16:18:22 2006> /usr/System/sys/errord Jeb:
	Index on bad type [caught]
        /kernel/obj/binary#43
   88      /kernel/obj/binary       receive_message
  199      /kernel/lib/connection   receive_message
        ~System/obj/user#44 "jeb"
  309      ~System/obj/user         receive_message
        ~System/obj/body#45 "jeb"
  614      ~System/lib/body         input
   49      ~System/lib/play_tool    cmd_go
        ~System/obj/room#46
   67 >    ~System/obj/room         query_exit



- <Nov  3 16:18:22 2006> /usr/System/sys/errord Jeb:
	No exit.

        /kernel/obj/binary#43
   88      /kernel/obj/binary       receive_message
  199      /kernel/lib/connection   receive_message
        ~System/obj/user#44 "jeb"
  309      ~System/obj/user         receive_message
        ~System/obj/body#45 "jeb"
  614      ~System/lib/body         input
   49      ~System/lib/play_tool    cmd_go
        ~System/obj/room#46
   67      ~System/obj/room         query_exit



- <Nov  3 16:20:53 2006> /usr/System/sys/errord Jeb:
	Index on bad type [caught]
        /kernel/obj/binary#43
   88      /kernel/obj/binary       receive_message
  199      /kernel/lib/connection   receive_message
        ~System/obj/user#44 "jeb"
  309      ~System/obj/user         receive_message
        ~System/obj/body#45 "jeb"
  614      ~System/lib/body         input
   49      ~System/lib/play_tool    cmd_go
        ~System/obj/room#46
   67 >    ~System/obj/room         query_exit



- <Nov  3 16:20:53 2006> /usr/System/sys/errord Jeb:
	No exit.

        /kernel/obj/binary#43
   88      /kernel/obj/binary       receive_message
  199      /kernel/lib/connection   receive_message
        ~System/obj/user#44 "jeb"
  309      ~System/obj/user         receive_message
        ~System/obj/body#45 "jeb"
  614      ~System/lib/body         input
   49      ~System/lib/play_tool    cmd_go
        ~System/obj/room#46
   67      ~System/obj/room         query_exit



- <Nov  3 16:22:28 2006> /usr/System/sys/errord Jeb:
	Index on bad type [caught]
        /kernel/obj/binary#43
   88      /kernel/obj/binary       receive_message
  199      /kernel/lib/connection   receive_message
        ~System/obj/user#44 "jeb"
  309      ~System/obj/user         receive_message
        ~System/obj/body#45 "jeb"
  614      ~System/lib/body         input
   49      ~System/lib/play_tool    cmd_go
        ~System/obj/room#46
   67 >    ~System/obj/room         query_exit



- <Nov  3 16:22:28 2006> /usr/System/sys/errord Jeb:
	No exit.

        /kernel/obj/binary#43
   88      /kernel/obj/binary       receive_message
  199      /kernel/lib/connection   receive_message
        ~System/obj/user#44 "jeb"
  309      ~System/obj/user         receive_message
        ~System/obj/body#45 "jeb"
  614      ~System/lib/body         input
   49      ~System/lib/play_tool    cmd_go
        ~System/obj/room#46
   67      ~System/obj/room         query_exit



- <Nov  3 16:22:29 2006> /usr/System/sys/errord Jeb:
	Index on bad type [caught]
        /kernel/obj/binary#43
   88      /kernel/obj/binary       receive_message
  199      /kernel/lib/connection   receive_message
        ~System/obj/user#44 "jeb"
  309      ~System/obj/user         receive_message
        ~System/obj/body#45 "jeb"
  614      ~System/lib/body         input
   49      ~System/lib/play_tool    cmd_go
        ~System/obj/room#46
   67 >    ~System/obj/room         query_exit



- <Nov  3 16:22:29 2006> /usr/System/sys/errord Jeb:
	No exit.

        /kernel/obj/binary#43
   88      /kernel/obj/binary       receive_message
  199      /kernel/lib/connection   receive_message
        ~System/obj/user#44 "jeb"
  309      ~System/obj/user         receive_message
        ~System/obj/body#45 "jeb"
  614      ~System/lib/body         input
   49      ~System/lib/play_tool    cmd_go
        ~System/obj/room#46
   67      ~System/obj/room         query_exit



- <Nov  3 16:28:16 2006> /usr/System/sys/errord Jeb:
	Index on bad type [caught]
        /kernel/obj/binary#43
   88      /kernel/obj/binary       receive_message
  199      /kernel/lib/connection   receive_message
        ~System/obj/user#45 "jeb"
  309      ~System/obj/user         receive_message
        ~System/obj/body#46 "jeb"
  614      ~System/lib/body         input
   49      ~System/lib/play_tool    cmd_go
        ~System/obj/room#47
   67 >    ~System/obj/room         query_exit



- <Nov  3 16:28:16 2006> /usr/System/sys/errord Jeb:
	No exit.

        /kernel/obj/binary#43
   88      /kernel/obj/binary       receive_message
  199      /kernel/lib/connection   receive_message
        ~System/obj/user#45 "jeb"
  309      ~System/obj/user         receive_message
        ~System/obj/body#46 "jeb"
  614      ~System/lib/body         input
   49      ~System/lib/play_tool    cmd_go
        ~System/obj/room#47
   67      ~System/obj/room         query_exit



- <Nov  3 16:29:02 2006> /usr/System/sys/errord Jethro:
	Index on bad type [caught]
        /kernel/obj/binary#44
   88      /kernel/obj/binary       receive_message
  199      /kernel/lib/connection   receive_message
        ~System/obj/user#49 "jethro"
  309      ~System/obj/user         receive_message
        ~System/obj/body#50 "jethro"
  614      ~System/lib/body         input
   49      ~System/lib/play_tool    cmd_go
        ~System/obj/room#51
   67 >    ~System/obj/room         query_exit



- <Nov  3 16:29:02 2006> /usr/System/sys/errord Jethro:
	No exit.

        /kernel/obj/binary#44
   88      /kernel/obj/binary       receive_message
  199      /kernel/lib/connection   receive_message
        ~System/obj/user#49 "jethro"
  309      ~System/obj/user         receive_message
        ~System/obj/body#50 "jethro"
  614      ~System/lib/body         input
   49      ~System/lib/play_tool    cmd_go
        ~System/obj/room#51
   67      ~System/obj/room         query_exit



- <Nov  3 16:35:28 2006> /usr/System/sys/errord Jeb:
	Bad argument 2 for kfun call_other [caught]
        /kernel/obj/binary#43
   88      /kernel/obj/binary       receive_message
  199      /kernel/lib/connection   receive_message
        ~System/obj/user#44 "jeb"
  309      ~System/obj/user         receive_message
        ~System/obj/body#45 "jeb"
  614      ~System/lib/body         input
  197 >    ~System/lib/play_tool    cmd_wield



- <Nov  3 16:44:03 2006> /usr/System/sys/errord Jeb:
	Cannot inherit "/usr/System/lib/weapon"
        /kernel/obj/binary#43
   88      /kernel/obj/binary       receive_message
  199      /kernel/lib/connection   receive_message
        ~System/obj/user#45 "jeb"
  314      ~System/obj/user         receive_message
        ~System/obj/wiztool#48
   37      ~System/obj/wiztool      input
  760      /kernel/lib/auto         call_limited
  103      ~System/obj/wiztool      process
  978      /kernel/lib/wiztool      cmd_compile
  251      -                        compile_object
  354      /kernel/lib/auto         compile_object



- <Nov  6 09:57:53 2006> /usr/System/sys/errord /usr/System/sys/errord:
	Cannot recompile inherited object
        /kernel/sys/driver
  447      -                  initialize
  429      -                  _initialize
        /kernel/sys/rsrcd
  609      -                  initd
  359      /kernel/lib/auto   compile_object
        ~System/initd
   49      -                  create
  359      /kernel/lib/auto   compile_object
        ~System/sys/objectd
   78      -                  create
  354      /kernel/lib/auto   compile_object



- <Nov  6 10:00:26 2006> /usr/System/sys/errord /usr/System/sys/errord:
	Cannot recompile inherited object
        /kernel/sys/driver
  447      -                  initialize
  429      -                  _initialize
        /kernel/sys/rsrcd
  609      -                  initd
  359      /kernel/lib/auto   compile_object
        ~System/initd
   49      -                  create
  359      /kernel/lib/auto   compile_object
        ~System/sys/objectd
   79      -                  create
  354      /kernel/lib/auto   compile_object



- <Nov  6 10:03:05 2006> /usr/System/sys/errord /usr/System/sys/errord:
	Cannot recompile inherited object
        /kernel/sys/driver
  447      -                  initialize
  429      -                  _initialize
        /kernel/sys/rsrcd
  609      -                  initd
  359      /kernel/lib/auto   compile_object
        ~System/initd
   53      -                  create
  359      /kernel/lib/auto   compile_object
        ~System/sys/telnetd
    6      -                  create
  359      /kernel/lib/auto   compile_object
        ~System/obj/user
   35      -                  create
  354      /kernel/lib/auto   compile_object



- <Nov  7 08:59:21 2006> /usr/System/sys/errord /usr/System/sys/errord:
	Failed to compile "/usr/System/sys/objectd.c"
        /kernel/sys/driver
  447      -                  initialize
  429      -                  _initialize
        /kernel/sys/rsrcd
  609      -                  initd
  359      /kernel/lib/auto   compile_object
        ~System/initd
   51      -                  create
  354      /kernel/lib/auto   compile_object



- <Nov  7 09:01:55 2006> /usr/System/sys/errord /usr/System/sys/errord:
	Failed to compile "/usr/System/sys/objectd.c"
        /kernel/sys/driver
  447      -                  initialize
  429      -                  _initialize
        /kernel/sys/rsrcd
  609      -                  initd
  359      /kernel/lib/auto   compile_object
        ~System/initd
   51      -                  create
  354      /kernel/lib/auto   compile_object



- <Nov  7 09:02:44 2006> /usr/System/sys/errord /usr/System/sys/errord:
	Failed to compile "/usr/System/sys/objectd.c"
        /kernel/sys/driver
  447      -                  initialize
  429      -                  _initialize
        /kernel/sys/rsrcd
  609      -                  initd
  359      /kernel/lib/auto   compile_object
        ~System/initd
   51      -                  create
  354      /kernel/lib/auto   compile_object



- <Nov  7 09:03:38 2006> /usr/System/sys/errord /usr/System/sys/errord:
	Failed to compile "/usr/System/sys/objectd.c"
        /kernel/sys/driver
  447      -                  initialize
  429      -                  _initialize
        /kernel/sys/rsrcd
  609      -                  initd
  359      /kernel/lib/auto   compile_object
        ~System/initd
   51      -                  create
  354      /kernel/lib/auto   compile_object



- <Nov  7 09:05:09 2006> /usr/System/sys/errord /usr/System/sys/errord:
	Failed to compile "/usr/System/sys/objectd.c"
        /kernel/sys/driver
  447      -                  initialize
  429      -                  _initialize
        /kernel/sys/rsrcd
  609      -                  initd
  359      /kernel/lib/auto   compile_object
        ~System/initd
   51      -                  create
  354      /kernel/lib/auto   compile_object



- <Nov  7 09:05:34 2006> /usr/System/sys/errord /usr/System/sys/errord:
	Failed to compile "/usr/System/sys/objectd.c"
        /kernel/sys/driver
  447      -                  initialize
  429      -                  _initialize
        /kernel/sys/rsrcd
  609      -                  initd
  359      /kernel/lib/auto   compile_object
        ~System/initd
   51      -                  create
  354      /kernel/lib/auto   compile_object



- <Oct 21 23:27:46 2007> /usr/System/sys/errord /usr/System/sys/errord:
	Failed to compile "/usr/System/sys/objectd.c"
        /kernel/sys/driver
  447      -                  initialize
  429      -                  _initialize
        /kernel/sys/rsrcd
  609      -                  initd
  359      /kernel/lib/auto   compile_object
        ~System/initd
   51      -                  create
  354      /kernel/lib/auto   compile_object



- <Oct 21 23:29:53 2007> /usr/System/sys/errord /usr/System/sys/errord:
	Failed to compile "/usr/System/sys/objectd.c"
        /kernel/sys/driver
  447      -                  initialize
  429      -                  _initialize
        /kernel/sys/rsrcd
  609      -                  initd
  359      /kernel/lib/auto   compile_object
        ~System/initd
   52      -                  create
  354      /kernel/lib/auto   compile_object



- <Oct 21 23:30:47 2007> /usr/System/sys/errord /usr/System/sys/errord:
	Failed to compile "/usr/System/sys/objectd.c"
        /kernel/sys/driver
  447      -                  initialize
  429      -                  _initialize
        /kernel/sys/rsrcd
  609      -                  initd
  359      /kernel/lib/auto   compile_object
        ~System/initd
   52      -                  create
  354      /kernel/lib/auto   compile_object



- <Oct 21 23:32:48 2007> /usr/System/sys/errord /usr/System/sys/errord:
	Failed to compile "/usr/System/sys/objectd.c"
        /kernel/sys/driver
  447      -                  initialize
  429      -                  _initialize
        /kernel/sys/rsrcd
  609      -                  initd
  359      /kernel/lib/auto   compile_object
        ~System/initd
   53      -                  create
  354      /kernel/lib/auto   compile_object



- <Oct 21 23:36:17 2007> /usr/System/sys/errord /usr/System/sys/errord:
	Bad argument 2 for kfun &
        /kernel/sys/driver
  447      -                  initialize
  429      -                  _initialize
        /kernel/sys/rsrcd
  609      -                  initd
  359      /kernel/lib/auto   compile_object
        ~System/initd
   53      -                  create
  359      /kernel/lib/auto   compile_object
        ~System/sys/objectd
   54      -                  create



- <Oct 21 23:45:12 2007> /usr/System/sys/errord /usr/System/sys/errord:
	Bad argument 2 for kfun &
        /kernel/sys/driver
  447      -                  initialize
  429      -                  _initialize
        /kernel/sys/rsrcd
  609      -                  initd
  359      /kernel/lib/auto   compile_object
        ~System/initd
   53      -                  create
  359      /kernel/lib/auto   compile_object
        ~System/sys/objectd
   54      -                  create



- <Oct 21 23:50:25 2007> /usr/System/sys/errord /usr/System/sys/errord:
	Cannot recompile inherited object
        /kernel/sys/driver
  447      -                  initialize
  429      -                  _initialize
        /kernel/sys/rsrcd
  609      -                  initd
  359      /kernel/lib/auto   compile_object
        ~System/initd
   53      -                  create
  359      /kernel/lib/auto   compile_object
        ~System/sys/objectd
   61      -                  create
  354      /kernel/lib/auto   compile_object



- <Oct 22 00:05:51 2007> /usr/System/sys/errord /usr/System/sys/errord:
	Cannot recompile inherited object
        /kernel/sys/driver
  447      -                  initialize
  429      -                  _initialize
        /kernel/sys/rsrcd
  609      -                  initd
  359      /kernel/lib/auto   compile_object
        ~System/initd
   53      -                  create
  359      /kernel/lib/auto   compile_object
        ~System/sys/objectd
   61      -                  create
  354      /kernel/lib/auto   compile_object



- <Oct 22 00:09:17 2007> /usr/System/sys/errord /usr/System/sys/errord:
	Cannot recompile inherited object
        /kernel/sys/driver
  447      -                  initialize
  429      -                  _initialize
        /kernel/sys/rsrcd
  609      -                  initd
  359      /kernel/lib/auto   compile_object
        ~System/initd
   53      -                  create
  359      /kernel/lib/auto   compile_object
        ~System/sys/objectd
   61      -                  create
  354      /kernel/lib/auto   compile_object



- <Oct 22 00:17:02 2007> /usr/System/sys/errord /usr/System/sys/errord:
	Duplicate cloned object
        /kernel/sys/driver
  447      -                  initialize
  429      -                  _initialize
        /kernel/sys/rsrcd
  609      -                  initd
  359      /kernel/lib/auto   compile_object
        ~System/initd
   53      -                  create
  359      /kernel/lib/auto   compile_object
        ~System/sys/objectd
   55      -                  create



- <Oct 22 00:25:50 2007> /usr/System/sys/errord /usr/System/sys/errord:
	Failed to compile "/usr/System/sys/objectd.c"
        /kernel/sys/driver
  447      -                  initialize
  429      -                  _initialize
        /kernel/sys/rsrcd
  609      -                  initd
  359      /kernel/lib/auto   compile_object
        ~System/initd
   53      -                  create
  354      /kernel/lib/auto   compile_object



- <Oct 22 00:35:02 2007> /usr/System/sys/errord /usr/System/sys/errord:
	Cannot recompile inherited object
        /kernel/sys/driver
  447      -                  initialize
  429      -                  _initialize
        /kernel/sys/rsrcd
  609      -                  initd
  359      /kernel/lib/auto   compile_object
        ~System/initd
   58      -                  create
  359      /kernel/lib/auto   compile_object
        ~System/sys/telnetd
    6      -                  create
  359      /kernel/lib/auto   compile_object
        ~System/obj/user
   35      -                  create
  354      /kernel/lib/auto   compile_object



- <Oct 22 00:45:43 2007> /usr/System/sys/errord /usr/System/sys/errord:
	Cannot recompile inherited object
        /kernel/sys/driver
  447      -                  initialize
  429      -                  _initialize
        /kernel/sys/rsrcd
  609      -                  initd
  359      /kernel/lib/auto   compile_object
        ~System/initd
   58      -                  create
  359      /kernel/lib/auto   compile_object
        ~System/sys/telnetd
    6      -                  create
  359      /kernel/lib/auto   compile_object
        ~System/obj/user
   36      -                  create
  354      /kernel/lib/auto   compile_object



- <Oct 22 17:12:11 2007> /usr/System/sys/errord /usr/System/sys/errord:
	Cannot recompile inherited object
        /kernel/sys/driver
  447      -                  initialize
  429      -                  _initialize
        /kernel/sys/rsrcd
  609      -                  initd
  359      /kernel/lib/auto   compile_object
        ~System/initd
   58      -                  create
  359      /kernel/lib/auto   compile_object
        ~System/sys/telnetd
    6      -                  create
  359      /kernel/lib/auto   compile_object
        ~System/obj/user
   36      -                  create
  354      /kernel/lib/auto   compile_object



- <Oct 22 17:44:18 2007> /usr/System/sys/errord /usr/System/sys/errord:
	Cannot recompile inherited object
        /kernel/sys/driver
  447      -                  initialize
  429      -                  _initialize
        /kernel/sys/rsrcd
  609      -                  initd
  359      /kernel/lib/auto   compile_object
        ~System/initd
   53      -                  create
  359      /kernel/lib/auto   compile_object
        ~System/sys/objectd
   61      -                  create
  354      /kernel/lib/auto   compile_object



- <Oct 22 17:45:20 2007> /usr/System/sys/errord /usr/System/sys/errord:
	Cannot recompile inherited object
        /kernel/sys/driver
  447      -                  initialize
  429      -                  _initialize
        /kernel/sys/rsrcd
  609      -                  initd
  359      /kernel/lib/auto   compile_object
        ~System/initd
   58      -                  create
  359      /kernel/lib/auto   compile_object
        ~System/sys/telnetd
    6      -                  create
  359      /kernel/lib/auto   compile_object
        ~System/obj/user
   36      -                  create
  354      /kernel/lib/auto   compile_object



- <Oct 22 17:46:03 2007> /usr/System/sys/errord /usr/System/sys/errord:
	Array index out of range
        /kernel/sys/driver
  447      -                  initialize
  429      -                  _initialize
        /kernel/sys/rsrcd
  609      -                  initd
  359      /kernel/lib/auto   compile_object
        ~System/initd
   58      -                  create
  354      /kernel/lib/auto   compile_object



- <Oct 22 18:10:06 2007> /usr/System/sys/errord Jeb:
	Cannot inherit "/usr/System/lib/weapon"
        /kernel/obj/binary#43
   88      /kernel/obj/binary       receive_message
  199      /kernel/lib/connection   receive_message
        ~System/obj/user#45 "jeb"
  315      ~System/obj/user         receive_message
        ~System/obj/wiztool#48
   37      ~System/obj/wiztool      input
  760      /kernel/lib/auto         call_limited
  103      ~System/obj/wiztool      process
  978      /kernel/lib/wiztool      cmd_compile
  251      -                        compile_object
  354      /kernel/lib/auto         compile_object



- <Oct 22 18:32:12 2007> /usr/System/sys/errord Jeb:
	Failed to compile "/usr/System/obj/wiztool.c"
        /kernel/obj/binary#43
   88      /kernel/obj/binary       receive_message
  199      /kernel/lib/connection   receive_message
        ~System/obj/user#45 "jeb"
  315      ~System/obj/user         receive_message
        ~System/obj/wiztool#48
   37      ~System/obj/wiztool      input
  760      /kernel/lib/auto         call_limited
  103      ~System/obj/wiztool      process
  978      /kernel/lib/wiztool      cmd_compile
  251      -                        compile_object
  354      /kernel/lib/auto         compile_object



- <Oct 22 20:22:31 2007> /usr/System/sys/errord Jeb:
	Failed to compile "/usr/System/lib/play_tool.c"
        /kernel/obj/binary#49
   88      /kernel/obj/binary       receive_message
  199      /kernel/lib/connection   receive_message
        ~System/obj/user#50 "jeb"
  318      ~System/obj/user         receive_message
        ~System/obj/wiztool#53
   38      ~System/obj/wiztool      input
  760      /kernel/lib/auto         call_limited
  104      ~System/obj/wiztool      process
  978      /kernel/lib/wiztool      cmd_compile
  251      -                        compile_object
  354      /kernel/lib/auto         compile_object



- <Oct 22 20:25:10 2007> /usr/System/sys/errord Jeb:
	Failed to compile "/usr/System/lib/play_tool.c"
        /kernel/obj/binary#49
   88      /kernel/obj/binary       receive_message
  199      /kernel/lib/connection   receive_message
        ~System/obj/user#50 "jeb"
  318      ~System/obj/user         receive_message
        ~System/obj/wiztool#53
   38      ~System/obj/wiztool      input
  760      /kernel/lib/auto         call_limited
  104      ~System/obj/wiztool      process
  978      /kernel/lib/wiztool      cmd_compile
  251      -                        compile_object
  354      /kernel/lib/auto         compile_object



- <Oct 22 20:30:03 2007> /usr/System/sys/errord Jeb:
	Bad argument 1 for kfun call_other
        /kernel/obj/binary#46
   88      /kernel/obj/binary       receive_message
  199      /kernel/lib/connection   receive_message
        ~System/obj/user#47 "jeb"
  313      ~System/obj/user         receive_message
        ~System/obj/body#48 "jeb"
  619      ~System/lib/body         input
   30      ~System/lib/play_tool    cmd_look



- <Oct 22 20:30:24 2007> /usr/System/sys/errord Jeb:
	Bad argument 1 for kfun call_other
        /kernel/obj/binary#46
   88      /kernel/obj/binary       receive_message
  199      /kernel/lib/connection   receive_message
        ~System/obj/user#47 "jeb"
  313      ~System/obj/user         receive_message
        ~System/obj/body#48 "jeb"
  619      ~System/lib/body         input
   30      ~System/lib/play_tool    cmd_look



- <Oct 22 20:34:08 2007> /usr/System/sys/errord Jeb:
	Bad argument 1 for kfun call_other
        /kernel/obj/binary#46
   88      /kernel/obj/binary       receive_message
  199      /kernel/lib/connection   receive_message
        ~System/obj/user#47 "jeb"
  313      ~System/obj/user         receive_message
        ~System/obj/body#48 "jeb"
  619      ~System/lib/body         input
   30      ~System/lib/play_tool    cmd_look



- <Oct 22 20:34:22 2007> /usr/System/sys/errord Jeb:
	Bad argument 1 for kfun call_other
        /kernel/obj/binary#46
   88      /kernel/obj/binary       receive_message
  199      /kernel/lib/connection   receive_message
        ~System/obj/user#47 "jeb"
  313      ~System/obj/user         receive_message
        ~System/obj/body#48 "jeb"
  619      ~System/lib/body         input
   31      ~System/lib/play_tool    cmd_look



- <Oct 22 20:38:41 2007> /usr/System/sys/errord Jeb:
	Bad argument 1 for kfun call_other
        /kernel/obj/binary#46
   88      /kernel/obj/binary       receive_message
  199      /kernel/lib/connection   receive_message
        ~System/obj/user#47 "jeb"
  313      ~System/obj/user         receive_message
        ~System/obj/body#48 "jeb"
  619      ~System/lib/body         input
   34      ~System/lib/play_tool    cmd_look



- <Oct 22 20:39:40 2007> /usr/System/sys/errord Jeb:
	Bad argument 1 for kfun call_other
        /kernel/obj/binary#46
   88      /kernel/obj/binary       receive_message
  199      /kernel/lib/connection   receive_message
        ~System/obj/user#47 "jeb"
  313      ~System/obj/user         receive_message
        ~System/obj/body#48 "jeb"
  619      ~System/lib/body         input
   34      ~System/lib/play_tool    cmd_look



- <Oct 22 20:39:41 2007> /usr/System/sys/errord Jeb:
	Bad argument 1 for kfun call_other
        /kernel/obj/binary#46
   88      /kernel/obj/binary       receive_message
  199      /kernel/lib/connection   receive_message
        ~System/obj/user#47 "jeb"
  313      ~System/obj/user         receive_message
        ~System/obj/body#48 "jeb"
  619      ~System/lib/body         input
   34      ~System/lib/play_tool    cmd_look



- <Oct 22 20:44:33 2007> /usr/System/sys/errord Jeb:
	Bad argument 1 for kfun call_other
        /kernel/obj/binary#46
   88      /kernel/obj/binary       receive_message
  199      /kernel/lib/connection   receive_message
        ~System/obj/user#47 "jeb"
  313      ~System/obj/user         receive_message
        ~System/obj/body#48 "jeb"
  619      ~System/lib/body         input
   33      ~System/lib/play_tool    cmd_look



- <Oct 22 20:44:34 2007> /usr/System/sys/errord Jeb:
	Bad argument 1 for kfun call_other
        /kernel/obj/binary#46
   88      /kernel/obj/binary       receive_message
  199      /kernel/lib/connection   receive_message
        ~System/obj/user#47 "jeb"
  313      ~System/obj/user         receive_message
        ~System/obj/body#48 "jeb"
  619      ~System/lib/body         input
   33      ~System/lib/play_tool    cmd_look



